{"/Users/pierrelouisrousseaux/Developer/Gobelins/lead_tech/app/firebase_db.js": {"path":"/Users/pierrelouisrousseaux/Developer/Gobelins/lead_tech/app/firebase_db.js","statementMap":{"0":{"start":{"line":1,"column":55},"end":{"line":1,"column":84}},"1":{"start":{"line":2,"column":24},"end":{"line":2,"column":58}},"2":{"start":{"line":5,"column":2},"end":{"line":5,"column":81}},"3":{"start":{"line":6,"column":16},"end":{"line":6,"column":61}},"4":{"start":{"line":7,"column":19},"end":{"line":7,"column":62}},"5":{"start":{"line":11,"column":12},"end":{"line":13,"column":68}},"6":{"start":{"line":17,"column":2},"end":{"line":17,"column":42}},"7":{"start":{"line":24,"column":19},"end":{"line":24,"column":46}},"8":{"start":{"line":25,"column":18},"end":{"line":25,"column":51}},"9":{"start":{"line":26,"column":15},"end":{"line":26,"column":70}},"10":{"start":{"line":28,"column":2},"end":{"line":37,"column":22}},"11":{"start":{"line":37,"column":16},"end":{"line":37,"column":20}},"12":{"start":{"line":43,"column":2},"end":{"line":67,"column":7}},"13":{"start":{"line":47,"column":19},"end":{"line":47,"column":39}},"14":{"start":{"line":48,"column":19},"end":{"line":48,"column":21}},"15":{"start":{"line":50,"column":6},"end":{"line":64,"column":9}},"16":{"start":{"line":51,"column":23},"end":{"line":51,"column":42}},"17":{"start":{"line":52,"column":8},"end":{"line":63,"column":11}},"18":{"start":{"line":53,"column":22},"end":{"line":53,"column":37}},"19":{"start":{"line":54,"column":10},"end":{"line":62,"column":11}},"20":{"start":{"line":55,"column":12},"end":{"line":61,"column":15}},"21":{"start":{"line":66,"column":6},"end":{"line":66,"column":74}},"22":{"start":{"line":66,"column":33},"end":{"line":66,"column":72}},"23":{"start":{"line":70,"column":0},"end":{"line":73,"column":2}}},"fnMap":{"0":{"name":"safeKey","decl":{"start":{"line":16,"column":9},"end":{"line":16,"column":16}},"loc":{"start":{"line":16,"column":24},"end":{"line":18,"column":1}},"line":16},"1":{"name":"saveJob","decl":{"start":{"line":23,"column":9},"end":{"line":23,"column":16}},"loc":{"start":{"line":23,"column":48},"end":{"line":38,"column":1}},"line":23},"2":{"name":"(anonymous_2)","decl":{"start":{"line":37,"column":10},"end":{"line":37,"column":11}},"loc":{"start":{"line":37,"column":16},"end":{"line":37,"column":20}},"line":37},"3":{"name":"listJobs","decl":{"start":{"line":42,"column":9},"end":{"line":42,"column":17}},"loc":{"start":{"line":42,"column":20},"end":{"line":68,"column":1}},"line":42},"4":{"name":"(anonymous_4)","decl":{"start":{"line":46,"column":10},"end":{"line":46,"column":11}},"loc":{"start":{"line":46,"column":22},"end":{"line":67,"column":5}},"line":46},"5":{"name":"(anonymous_5)","decl":{"start":{"line":50,"column":32},"end":{"line":50,"column":33}},"loc":{"start":{"line":50,"column":43},"end":{"line":64,"column":7}},"line":50},"6":{"name":"(anonymous_6)","decl":{"start":{"line":52,"column":36},"end":{"line":52,"column":37}},"loc":{"start":{"line":52,"column":47},"end":{"line":63,"column":9}},"line":52},"7":{"name":"(anonymous_7)","decl":{"start":{"line":66,"column":23},"end":{"line":66,"column":24}},"loc":{"start":{"line":66,"column":33},"end":{"line":66,"column":72}},"line":66}},"branchMap":{"0":{"loc":{"start":{"line":5,"column":2},"end":{"line":5,"column":81}},"type":"binary-expr","locations":[{"start":{"line":5,"column":2},"end":{"line":5,"column":29}},{"start":{"line":5,"column":33},"end":{"line":5,"column":81}}],"line":5},"1":{"loc":{"start":{"line":6,"column":16},"end":{"line":6,"column":61}},"type":"binary-expr","locations":[{"start":{"line":6,"column":16},"end":{"line":6,"column":44}},{"start":{"line":6,"column":48},"end":{"line":6,"column":61}}],"line":6},"2":{"loc":{"start":{"line":7,"column":19},"end":{"line":7,"column":62}},"type":"binary-expr","locations":[{"start":{"line":7,"column":19},"end":{"line":7,"column":41}},{"start":{"line":7,"column":45},"end":{"line":7,"column":62}}],"line":7},"3":{"loc":{"start":{"line":11,"column":12},"end":{"line":13,"column":68}},"type":"cond-expr","locations":[{"start":{"line":12,"column":4},"end":{"line":12,"column":16}},{"start":{"line":13,"column":4},"end":{"line":13,"column":68}}],"line":11},"4":{"loc":{"start":{"line":47,"column":19},"end":{"line":47,"column":39}},"type":"binary-expr","locations":[{"start":{"line":47,"column":19},"end":{"line":47,"column":33}},{"start":{"line":47,"column":37},"end":{"line":47,"column":39}}],"line":47},"5":{"loc":{"start":{"line":51,"column":23},"end":{"line":51,"column":42}},"type":"binary-expr","locations":[{"start":{"line":51,"column":23},"end":{"line":51,"column":36}},{"start":{"line":51,"column":40},"end":{"line":51,"column":42}}],"line":51},"6":{"loc":{"start":{"line":54,"column":10},"end":{"line":62,"column":11}},"type":"if","locations":[{"start":{"line":54,"column":10},"end":{"line":62,"column":11}},{"start":{},"end":{}}],"line":54},"7":{"loc":{"start":{"line":66,"column":34},"end":{"line":66,"column":50}},"type":"binary-expr","locations":[{"start":{"line":66,"column":34},"end":{"line":66,"column":45}},{"start":{"line":66,"column":49},"end":{"line":66,"column":50}}],"line":66},"8":{"loc":{"start":{"line":66,"column":55},"end":{"line":66,"column":71}},"type":"binary-expr","locations":[{"start":{"line":66,"column":55},"end":{"line":66,"column":66}},{"start":{"line":66,"column":70},"end":{"line":66,"column":71}}],"line":66}},"s":{"0":5,"1":5,"2":5,"3":5,"4":5,"5":5,"6":4,"7":2,"8":2,"9":2,"10":2,"11":2,"12":3,"13":3,"14":3,"15":3,"16":4,"17":4,"18":6,"19":6,"20":5,"21":3,"22":4,"23":5},"f":{"0":4,"1":2,"2":2,"3":3,"4":3,"5":4,"6":6,"7":4},"b":{"0":[5,4],"1":[5,3],"2":[5,4],"3":[1,4],"4":[3,1],"5":[4,1],"6":[5,1],"7":[4,3],"8":[4,1]},"_coverageSchema":"1a1c01bbd47fc00a2c39e90264f33305004495a9","hash":"05f76b7b99553647ee009c1565e35152d7983c8d"}
,"/Users/pierrelouisrousseaux/Developer/Gobelins/lead_tech/app/form_validator.js": {"path":"/Users/pierrelouisrousseaux/Developer/Gobelins/lead_tech/app/form_validator.js","statementMap":{"0":{"start":{"line":3,"column":34},"end":{"line":3,"column":50}},"1":{"start":{"line":4,"column":2},"end":{"line":4,"column":45}},"2":{"start":{"line":8,"column":2},"end":{"line":8,"column":44}},"3":{"start":{"line":12,"column":2},"end":{"line":12,"column":68}},"4":{"start":{"line":15,"column":0},"end":{"line":19,"column":2}}},"fnMap":{"0":{"name":"isValidCommaDelimitedList","decl":{"start":{"line":1,"column":9},"end":{"line":1,"column":34}},"loc":{"start":{"line":1,"column":42},"end":{"line":5,"column":1}},"line":1},"1":{"name":"isValidTagmode","decl":{"start":{"line":7,"column":9},"end":{"line":7,"column":23}},"loc":{"start":{"line":7,"column":31},"end":{"line":9,"column":1}},"line":7},"2":{"name":"hasValidFlickrAPIParams","decl":{"start":{"line":11,"column":9},"end":{"line":11,"column":32}},"loc":{"start":{"line":11,"column":48},"end":{"line":13,"column":1}},"line":11}},"branchMap":{"0":{"loc":{"start":{"line":8,"column":9},"end":{"line":8,"column":43}},"type":"binary-expr","locations":[{"start":{"line":8,"column":9},"end":{"line":8,"column":24}},{"start":{"line":8,"column":28},"end":{"line":8,"column":43}}],"line":8},"1":{"loc":{"start":{"line":12,"column":9},"end":{"line":12,"column":67}},"type":"binary-expr","locations":[{"start":{"line":12,"column":9},"end":{"line":12,"column":40}},{"start":{"line":12,"column":44},"end":{"line":12,"column":67}}],"line":12}},"s":{"0":11,"1":11,"2":8,"3":7,"4":2},"f":{"0":11,"1":8,"2":7},"b":{"0":[8,3],"1":[7,5]},"_coverageSchema":"1a1c01bbd47fc00a2c39e90264f33305004495a9","hash":"285c9eb432ce42b05a007d141bc5be081d91394c"}
,"/Users/pierrelouisrousseaux/Developer/Gobelins/lead_tech/app/jsonp_helper.js": {"path":"/Users/pierrelouisrousseaux/Developer/Gobelins/lead_tech/app/jsonp_helper.js","statementMap":{"0":{"start":{"line":2,"column":2},"end":{"line":14,"column":3}},"1":{"start":{"line":3,"column":21},"end":{"line":3,"column":44}},"2":{"start":{"line":4,"column":19},"end":{"line":4,"column":46}},"3":{"start":{"line":5,"column":21},"end":{"line":5,"column":66}},"4":{"start":{"line":8,"column":4},"end":{"line":8,"column":49}},"5":{"start":{"line":10,"column":4},"end":{"line":10,"column":34}},"6":{"start":{"line":12,"column":18},"end":{"line":12,"column":76}},"7":{"start":{"line":13,"column":4},"end":{"line":13,"column":16}},"8":{"start":{"line":17,"column":0},"end":{"line":19,"column":2}}},"fnMap":{"0":{"name":"parseJSONP","decl":{"start":{"line":1,"column":9},"end":{"line":1,"column":19}},"loc":{"start":{"line":1,"column":31},"end":{"line":15,"column":1}},"line":1}},"branchMap":{},"s":{"0":5,"1":5,"2":5,"3":5,"4":5,"5":5,"6":2,"7":2,"8":4},"f":{"0":5},"b":{},"_coverageSchema":"1a1c01bbd47fc00a2c39e90264f33305004495a9","hash":"d7a125f7234bfff30239809f5f0bdc1f83ac948d"}
,"/Users/pierrelouisrousseaux/Developer/Gobelins/lead_tech/app/mcp_endpoint.js": {"path":"/Users/pierrelouisrousseaux/Developer/Gobelins/lead_tech/app/mcp_endpoint.js","statementMap":{"0":{"start":{"line":1,"column":16},"end":{"line":1,"column":34}},"1":{"start":{"line":2,"column":12},"end":{"line":2,"column":35}},"2":{"start":{"line":3,"column":46},"end":{"line":3,"column":83}},"3":{"start":{"line":4,"column":28},"end":{"line":4,"column":51}},"4":{"start":{"line":12,"column":25},"end":{"line":12,"column":37}},"5":{"start":{"line":18,"column":16},"end":{"line":18,"column":68}},"6":{"start":{"line":19,"column":2},"end":{"line":21,"column":3}},"7":{"start":{"line":20,"column":4},"end":{"line":20,"column":16}},"8":{"start":{"line":22,"column":2},"end":{"line":29,"column":3}},"9":{"start":{"line":23,"column":4},"end":{"line":26,"column":7}},"10":{"start":{"line":28,"column":4},"end":{"line":28,"column":16}},"11":{"start":{"line":33,"column":15},"end":{"line":33,"column":32}},"12":{"start":{"line":37,"column":2},"end":{"line":74,"column":5}},"13":{"start":{"line":39,"column":4},"end":{"line":46,"column":5}},"14":{"start":{"line":40,"column":6},"end":{"line":40,"column":66}},"15":{"start":{"line":41,"column":6},"end":{"line":45,"column":9}},"16":{"start":{"line":51,"column":22},"end":{"line":54,"column":6}},"17":{"start":{"line":56,"column":4},"end":{"line":58,"column":7}},"18":{"start":{"line":57,"column":6},"end":{"line":57,"column":24}},"19":{"start":{"line":60,"column":4},"end":{"line":73,"column":9}},"20":{"start":{"line":62,"column":18},"end":{"line":62,"column":61}},"21":{"start":{"line":64,"column":8},"end":{"line":64,"column":54}},"22":{"start":{"line":66,"column":8},"end":{"line":72,"column":9}},"23":{"start":{"line":67,"column":10},"end":{"line":71,"column":13}},"24":{"start":{"line":77,"column":0},"end":{"line":77,"column":34}},"25":{"start":{"line":78,"column":0},"end":{"line":78,"column":43}}},"fnMap":{"0":{"name":"verifyBearer","decl":{"start":{"line":17,"column":9},"end":{"line":17,"column":21}},"loc":{"start":{"line":17,"column":27},"end":{"line":30,"column":1}},"line":17},"1":{"name":"mountMcpEndpoint","decl":{"start":{"line":35,"column":9},"end":{"line":35,"column":25}},"loc":{"start":{"line":35,"column":31},"end":{"line":75,"column":1}},"line":35},"2":{"name":"(anonymous_2)","decl":{"start":{"line":37,"column":35},"end":{"line":37,"column":36}},"loc":{"start":{"line":37,"column":49},"end":{"line":74,"column":3}},"line":37},"3":{"name":"(anonymous_3)","decl":{"start":{"line":56,"column":20},"end":{"line":56,"column":21}},"loc":{"start":{"line":56,"column":26},"end":{"line":58,"column":5}},"line":56},"4":{"name":"(anonymous_4)","decl":{"start":{"line":62,"column":12},"end":{"line":62,"column":13}},"loc":{"start":{"line":62,"column":18},"end":{"line":62,"column":61}},"line":62},"5":{"name":"(anonymous_5)","decl":{"start":{"line":63,"column":13},"end":{"line":63,"column":14}},"loc":{"start":{"line":63,"column":22},"end":{"line":73,"column":7}},"line":63}},"branchMap":{"0":{"loc":{"start":{"line":18,"column":37},"end":{"line":18,"column":67}},"type":"binary-expr","locations":[{"start":{"line":18,"column":37},"end":{"line":18,"column":61}},{"start":{"line":18,"column":65},"end":{"line":18,"column":67}}],"line":18},"1":{"loc":{"start":{"line":19,"column":2},"end":{"line":21,"column":3}},"type":"if","locations":[{"start":{"line":19,"column":2},"end":{"line":21,"column":3}},{"start":{},"end":{}}],"line":19},"2":{"loc":{"start":{"line":39,"column":4},"end":{"line":46,"column":5}},"type":"if","locations":[{"start":{"line":39,"column":4},"end":{"line":46,"column":5}},{"start":{},"end":{}}],"line":39},"3":{"loc":{"start":{"line":66,"column":8},"end":{"line":72,"column":9}},"type":"if","locations":[{"start":{"line":66,"column":8},"end":{"line":72,"column":9}}],"line":66}},"s":{"0":3,"1":3,"2":3,"3":3,"4":3,"5":21,"6":21,"7":2,"8":19,"9":19,"10":4,"11":3,"12":3,"13":21,"14":6,"15":6,"16":15,"17":15,"18":15,"19":15,"20":14,"21":1,"22":1,"23":1,"24":3,"25":3},"f":{"0":21,"1":3,"2":21,"3":15,"4":14,"5":1},"b":{"0":[21,1],"1":[2,19],"2":[6,15],"3":[1]},"_coverageSchema":"1a1c01bbd47fc00a2c39e90264f33305004495a9","hash":"75c026a6dd04ab36294f5abf30f052de781c1e56"}
,"/Users/pierrelouisrousseaux/Developer/Gobelins/lead_tech/app/mcp_server.js": {"path":"/Users/pierrelouisrousseaux/Developer/Gobelins/lead_tech/app/mcp_server.js","statementMap":{"0":{"start":{"line":9,"column":22},"end":{"line":9,"column":61}},"1":{"start":{"line":10,"column":14},"end":{"line":10,"column":28}},"2":{"start":{"line":12,"column":19},"end":{"line":12,"column":43}},"3":{"start":{"line":13,"column":15},"end":{"line":13,"column":35}},"4":{"start":{"line":14,"column":19},"end":{"line":14,"column":43}},"5":{"start":{"line":18,"column":2},"end":{"line":18,"column":79}},"6":{"start":{"line":22,"column":2},"end":{"line":22,"column":80}},"7":{"start":{"line":26,"column":2},"end":{"line":37,"column":4}},"8":{"start":{"line":34,"column":21},"end":{"line":34,"column":68}},"9":{"start":{"line":35,"column":6},"end":{"line":35,"column":68}},"10":{"start":{"line":39,"column":2},"end":{"line":72,"column":4}},"11":{"start":{"line":58,"column":22},"end":{"line":58,"column":43}},"12":{"start":{"line":59,"column":6},"end":{"line":70,"column":9}},"13":{"start":{"line":60,"column":24},"end":{"line":68,"column":11}},"14":{"start":{"line":60,"column":45},"end":{"line":68,"column":9}},"15":{"start":{"line":69,"column":8},"end":{"line":69,"column":70}},"16":{"start":{"line":74,"column":2},"end":{"line":95,"column":4}},"17":{"start":{"line":82,"column":6},"end":{"line":93,"column":9}},"18":{"start":{"line":83,"column":25},"end":{"line":91,"column":11}},"19":{"start":{"line":83,"column":42},"end":{"line":91,"column":9}},"20":{"start":{"line":92,"column":8},"end":{"line":92,"column":74}},"21":{"start":{"line":97,"column":2},"end":{"line":131,"column":4}},"22":{"start":{"line":112,"column":6},"end":{"line":129,"column":9}},"23":{"start":{"line":114,"column":22},"end":{"line":114,"column":62}},"24":{"start":{"line":114,"column":39},"end":{"line":114,"column":61}},"25":{"start":{"line":115,"column":8},"end":{"line":120,"column":9}},"26":{"start":{"line":116,"column":10},"end":{"line":119,"column":12}},"27":{"start":{"line":121,"column":8},"end":{"line":128,"column":11}},"28":{"start":{"line":122,"column":10},"end":{"line":127,"column":13}},"29":{"start":{"line":137,"column":17},"end":{"line":137,"column":75}},"30":{"start":{"line":138,"column":2},"end":{"line":138,"column":24}},"31":{"start":{"line":139,"column":2},"end":{"line":139,"column":16}},"32":{"start":{"line":142,"column":0},"end":{"line":142,"column":52}}},"fnMap":{"0":{"name":"jsonResult","decl":{"start":{"line":17,"column":9},"end":{"line":17,"column":19}},"loc":{"start":{"line":17,"column":27},"end":{"line":19,"column":1}},"line":17},"1":{"name":"textResult","decl":{"start":{"line":21,"column":9},"end":{"line":21,"column":19}},"loc":{"start":{"line":21,"column":35},"end":{"line":23,"column":1}},"line":21},"2":{"name":"registerTools","decl":{"start":{"line":25,"column":9},"end":{"line":25,"column":22}},"loc":{"start":{"line":25,"column":31},"end":{"line":132,"column":1}},"line":25},"3":{"name":"(anonymous_3)","decl":{"start":{"line":33,"column":4},"end":{"line":33,"column":5}},"loc":{"start":{"line":33,"column":12},"end":{"line":36,"column":5}},"line":33},"4":{"name":"(anonymous_4)","decl":{"start":{"line":57,"column":4},"end":{"line":57,"column":5}},"loc":{"start":{"line":57,"column":12},"end":{"line":71,"column":5}},"line":57},"5":{"name":"(anonymous_5)","decl":{"start":{"line":59,"column":65},"end":{"line":59,"column":66}},"loc":{"start":{"line":59,"column":75},"end":{"line":70,"column":7}},"line":59},"6":{"name":"(anonymous_6)","decl":{"start":{"line":60,"column":35},"end":{"line":60,"column":36}},"loc":{"start":{"line":60,"column":45},"end":{"line":68,"column":9}},"line":60},"7":{"name":"(anonymous_7)","decl":{"start":{"line":81,"column":4},"end":{"line":81,"column":5}},"loc":{"start":{"line":81,"column":10},"end":{"line":94,"column":5}},"line":81},"8":{"name":"(anonymous_8)","decl":{"start":{"line":82,"column":40},"end":{"line":82,"column":41}},"loc":{"start":{"line":82,"column":48},"end":{"line":93,"column":7}},"line":82},"9":{"name":"(anonymous_9)","decl":{"start":{"line":83,"column":34},"end":{"line":83,"column":35}},"loc":{"start":{"line":83,"column":42},"end":{"line":91,"column":9}},"line":83},"10":{"name":"(anonymous_10)","decl":{"start":{"line":111,"column":4},"end":{"line":111,"column":5}},"loc":{"start":{"line":111,"column":12},"end":{"line":130,"column":5}},"line":111},"11":{"name":"(anonymous_11)","decl":{"start":{"line":112,"column":40},"end":{"line":112,"column":41}},"loc":{"start":{"line":112,"column":48},"end":{"line":129,"column":7}},"line":112},"12":{"name":"(anonymous_12)","decl":{"start":{"line":114,"column":32},"end":{"line":114,"column":33}},"loc":{"start":{"line":114,"column":39},"end":{"line":114,"column":61}},"line":114},"13":{"name":"(anonymous_13)","decl":{"start":{"line":121,"column":59},"end":{"line":121,"column":60}},"loc":{"start":{"line":121,"column":66},"end":{"line":128,"column":9}},"line":121},"14":{"name":"createMcpServer","decl":{"start":{"line":136,"column":9},"end":{"line":136,"column":24}},"loc":{"start":{"line":136,"column":27},"end":{"line":140,"column":1}},"line":136}},"branchMap":{"0":{"loc":{"start":{"line":34,"column":21},"end":{"line":34,"column":68}},"type":"cond-expr","locations":[{"start":{"line":34,"column":44},"end":{"line":34,"column":63}},{"start":{"line":34,"column":66},"end":{"line":34,"column":68}}],"line":34},"1":{"loc":{"start":{"line":34,"column":21},"end":{"line":34,"column":41}},"type":"binary-expr","locations":[{"start":{"line":34,"column":21},"end":{"line":34,"column":25}},{"start":{"line":34,"column":29},"end":{"line":34,"column":41}}],"line":34},"2":{"loc":{"start":{"line":58,"column":22},"end":{"line":58,"column":43}},"type":"binary-expr","locations":[{"start":{"line":58,"column":22},"end":{"line":58,"column":34}},{"start":{"line":58,"column":38},"end":{"line":58,"column":43}}],"line":58},"3":{"loc":{"start":{"line":63,"column":17},"end":{"line":63,"column":45}},"type":"binary-expr","locations":[{"start":{"line":63,"column":17},"end":{"line":63,"column":28}},{"start":{"line":63,"column":32},"end":{"line":63,"column":45}}],"line":63},"4":{"loc":{"start":{"line":64,"column":21},"end":{"line":64,"column":49}},"type":"binary-expr","locations":[{"start":{"line":64,"column":21},"end":{"line":64,"column":32}},{"start":{"line":64,"column":36},"end":{"line":64,"column":49}}],"line":64},"5":{"loc":{"start":{"line":88,"column":24},"end":{"line":90,"column":18}},"type":"cond-expr","locations":[{"start":{"line":89,"column":14},"end":{"line":89,"column":51}},{"start":{"line":90,"column":14},"end":{"line":90,"column":18}}],"line":88},"6":{"loc":{"start":{"line":115,"column":8},"end":{"line":120,"column":9}},"type":"if","locations":[{"start":{"line":115,"column":8},"end":{"line":120,"column":9}},{"start":{},"end":{}}],"line":115},"7":{"loc":{"start":{"line":115,"column":12},"end":{"line":115,"column":40}},"type":"binary-expr","locations":[{"start":{"line":115,"column":12},"end":{"line":115,"column":18}},{"start":{"line":115,"column":22},"end":{"line":115,"column":40}}],"line":115}},"s":{"0":2,"1":2,"2":2,"3":2,"4":2,"5":7,"6":2,"7":2,"8":2,"9":2,"10":2,"11":3,"12":3,"13":3,"14":2,"15":3,"16":2,"17":3,"18":3,"19":3,"20":3,"21":2,"22":3,"23":3,"24":3,"25":3,"26":2,"27":1,"28":1,"29":2,"30":2,"31":2,"32":2},"f":{"0":7,"1":2,"2":2,"3":2,"4":3,"5":3,"6":2,"7":3,"8":3,"9":3,"10":3,"11":3,"12":3,"13":1,"14":2},"b":{"0":[1,1],"1":[2,2],"2":[3,2],"3":[2,1],"4":[2,1],"5":[2,1],"6":[2,1],"7":[3,2]},"_coverageSchema":"1a1c01bbd47fc00a2c39e90264f33305004495a9","hash":"7e3ae7bfba572a0c6b7c445830330871a5ea6fbb"}
,"/Users/pierrelouisrousseaux/Developer/Gobelins/lead_tech/app/photo_model.js": {"path":"/Users/pierrelouisrousseaux/Developer/Gobelins/lead_tech/app/photo_model.js","statementMap":{"0":{"start":{"line":1,"column":12},"end":{"line":1,"column":26}},"1":{"start":{"line":2,"column":20},"end":{"line":2,"column":42}},"2":{"start":{"line":3,"column":20},"end":{"line":3,"column":45}},"3":{"start":{"line":6,"column":13},"end":{"line":6,"column":69}},"4":{"start":{"line":8,"column":18},"end":{"line":8,"column":81}},"5":{"start":{"line":10,"column":2},"end":{"line":19,"column":5}},"6":{"start":{"line":11,"column":22},"end":{"line":11,"column":59}},"7":{"start":{"line":13,"column":4},"end":{"line":16,"column":7}},"8":{"start":{"line":14,"column":6},"end":{"line":14,"column":64}},"9":{"start":{"line":15,"column":6},"end":{"line":15,"column":64}},"10":{"start":{"line":18,"column":4},"end":{"line":18,"column":27}},"11":{"start":{"line":22,"column":0},"end":{"line":24,"column":2}}},"fnMap":{"0":{"name":"getFlickrPhotos","decl":{"start":{"line":5,"column":9},"end":{"line":5,"column":24}},"loc":{"start":{"line":5,"column":40},"end":{"line":20,"column":1}},"line":5},"1":{"name":"(anonymous_1)","decl":{"start":{"line":10,"column":39},"end":{"line":10,"column":40}},"loc":{"start":{"line":10,"column":51},"end":{"line":19,"column":3}},"line":10},"2":{"name":"(anonymous_2)","decl":{"start":{"line":13,"column":28},"end":{"line":13,"column":29}},"loc":{"start":{"line":13,"column":37},"end":{"line":16,"column":5}},"line":13}},"branchMap":{},"s":{"0":3,"1":3,"2":3,"3":3,"4":3,"5":3,"6":2,"7":1,"8":2,"9":2,"10":1,"11":3},"f":{"0":3,"1":2,"2":2},"b":{},"_coverageSchema":"1a1c01bbd47fc00a2c39e90264f33305004495a9","hash":"3ee6f226c5008325ee5127a960c7e4fdbbc46d0b"}
,"/Users/pierrelouisrousseaux/Developer/Gobelins/lead_tech/app/queue_consumer.js": {"path":"/Users/pierrelouisrousseaux/Developer/Gobelins/lead_tech/app/queue_consumer.js","statementMap":{"0":{"start":{"line":1,"column":19},"end":{"line":1,"column":50}},"1":{"start":{"line":3,"column":15},"end":{"line":3,"column":35}},"2":{"start":{"line":7,"column":21},"end":{"line":7,"column":74}},"3":{"start":{"line":14,"column":2},"end":{"line":20,"column":3}},"4":{"start":{"line":15,"column":4},"end":{"line":15,"column":50}},"5":{"start":{"line":17,"column":4},"end":{"line":17,"column":90}},"6":{"start":{"line":18,"column":4},"end":{"line":18,"column":18}},"7":{"start":{"line":19,"column":4},"end":{"line":19,"column":11}},"8":{"start":{"line":22,"column":2},"end":{"line":22,"column":98}},"9":{"start":{"line":24,"column":2},"end":{"line":33,"column":7}},"10":{"start":{"line":27,"column":6},"end":{"line":27,"column":65}},"11":{"start":{"line":28,"column":6},"end":{"line":28,"column":20}},"12":{"start":{"line":31,"column":6},"end":{"line":31,"column":118}},"13":{"start":{"line":32,"column":6},"end":{"line":32,"column":20}},"14":{"start":{"line":39,"column":27},"end":{"line":39,"column":51}},"15":{"start":{"line":40,"column":23},"end":{"line":40,"column":66}},"16":{"start":{"line":42,"column":2},"end":{"line":42,"column":44}},"17":{"start":{"line":43,"column":2},"end":{"line":45,"column":5}},"18":{"start":{"line":44,"column":4},"end":{"line":44,"column":89}},"19":{"start":{"line":47,"column":2},"end":{"line":47,"column":91}},"20":{"start":{"line":48,"column":2},"end":{"line":48,"column":22}},"21":{"start":{"line":52,"column":0},"end":{"line":54,"column":1}},"22":{"start":{"line":53,"column":2},"end":{"line":53,"column":18}},"23":{"start":{"line":56,"column":0},"end":{"line":59,"column":2}}},"fnMap":{"0":{"name":"handleMessage","decl":{"start":{"line":11,"column":9},"end":{"line":11,"column":22}},"loc":{"start":{"line":11,"column":32},"end":{"line":34,"column":1}},"line":11},"1":{"name":"(anonymous_1)","decl":{"start":{"line":26,"column":10},"end":{"line":26,"column":11}},"loc":{"start":{"line":26,"column":16},"end":{"line":29,"column":5}},"line":26},"2":{"name":"(anonymous_2)","decl":{"start":{"line":30,"column":11},"end":{"line":30,"column":12}},"loc":{"start":{"line":30,"column":18},"end":{"line":33,"column":5}},"line":30},"3":{"name":"startConsumer","decl":{"start":{"line":38,"column":9},"end":{"line":38,"column":22}},"loc":{"start":{"line":38,"column":25},"end":{"line":49,"column":1}},"line":38},"4":{"name":"(anonymous_4)","decl":{"start":{"line":43,"column":27},"end":{"line":43,"column":28}},"loc":{"start":{"line":43,"column":36},"end":{"line":45,"column":3}},"line":43}},"branchMap":{"0":{"loc":{"start":{"line":52,"column":0},"end":{"line":54,"column":1}},"type":"if","locations":[{"start":{"line":52,"column":0},"end":{"line":54,"column":1}},{"start":{},"end":{}}],"line":52}},"s":{"0":3,"1":3,"2":3,"3":3,"4":3,"5":1,"6":1,"7":1,"8":2,"9":2,"10":1,"11":1,"12":1,"13":1,"14":2,"15":2,"16":2,"17":2,"18":1,"19":2,"20":2,"21":3,"22":1,"23":3},"f":{"0":3,"1":1,"2":1,"3":2,"4":1},"b":{"0":[1,2]},"_coverageSchema":"1a1c01bbd47fc00a2c39e90264f33305004495a9","hash":"660b969f375cfdcd765e171b4ce5d56d6f89680c"}
,"/Users/pierrelouisrousseaux/Developer/Gobelins/lead_tech/app/queue_producer.js": {"path":"/Users/pierrelouisrousseaux/Developer/Gobelins/lead_tech/app/queue_producer.js","statementMap":{"0":{"start":{"line":1,"column":19},"end":{"line":1,"column":50}},"1":{"start":{"line":5,"column":21},"end":{"line":5,"column":74}},"2":{"start":{"line":10,"column":20},"end":{"line":10,"column":44}},"3":{"start":{"line":11,"column":21},"end":{"line":11,"column":58}},"4":{"start":{"line":13,"column":2},"end":{"line":13,"column":76}},"5":{"start":{"line":16,"column":0},"end":{"line":18,"column":2}}},"fnMap":{"0":{"name":"publishZipRequest","decl":{"start":{"line":9,"column":9},"end":{"line":9,"column":26}},"loc":{"start":{"line":9,"column":33},"end":{"line":14,"column":1}},"line":9}},"branchMap":{},"s":{"0":1,"1":1,"2":2,"3":2,"4":2,"5":1},"f":{"0":2},"b":{},"_coverageSchema":"1a1c01bbd47fc00a2c39e90264f33305004495a9","hash":"fa49ced703b4262472d0a99172c3a8a76b40d96c"}
,"/Users/pierrelouisrousseaux/Developer/Gobelins/lead_tech/app/rate_limit_store.js": {"path":"/Users/pierrelouisrousseaux/Developer/Gobelins/lead_tech/app/rate_limit_store.js","statementMap":{"0":{"start":{"line":12,"column":15},"end":{"line":12,"column":40}},"1":{"start":{"line":14,"column":19},"end":{"line":14,"column":41}},"2":{"start":{"line":15,"column":17},"end":{"line":15,"column":36}},"3":{"start":{"line":21,"column":15},"end":{"line":21,"column":24}},"4":{"start":{"line":24,"column":17},"end":{"line":24,"column":66}},"5":{"start":{"line":25,"column":2},"end":{"line":27,"column":3}},"6":{"start":{"line":26,"column":4},"end":{"line":26,"column":34}},"7":{"start":{"line":28,"column":2},"end":{"line":31,"column":5}},"8":{"start":{"line":35,"column":2},"end":{"line":35,"column":17}},"9":{"start":{"line":46,"column":12},"end":{"line":86,"column":12}},"10":{"start":{"line":88,"column":13},"end":{"line":88,"column":17}},"11":{"start":{"line":89,"column":21},"end":{"line":89,"column":25}},"12":{"start":{"line":92,"column":2},"end":{"line":105,"column":3}},"13":{"start":{"line":93,"column":29},"end":{"line":93,"column":45}},"14":{"start":{"line":94,"column":4},"end":{"line":101,"column":7}},"15":{"start":{"line":102,"column":4},"end":{"line":104,"column":7}},"16":{"start":{"line":103,"column":6},"end":{"line":103,"column":58}},"17":{"start":{"line":106,"column":2},"end":{"line":106,"column":16}},"18":{"start":{"line":110,"column":2},"end":{"line":112,"column":3}},"19":{"start":{"line":111,"column":4},"end":{"line":111,"column":29}},"20":{"start":{"line":113,"column":2},"end":{"line":126,"column":3}},"21":{"start":{"line":114,"column":4},"end":{"line":125,"column":9}},"22":{"start":{"line":117,"column":8},"end":{"line":119,"column":10}},"23":{"start":{"line":122,"column":8},"end":{"line":122,"column":73}},"24":{"start":{"line":123,"column":8},"end":{"line":123,"column":30}},"25":{"start":{"line":124,"column":8},"end":{"line":124,"column":18}},"26":{"start":{"line":127,"column":2},"end":{"line":127,"column":24}},"27":{"start":{"line":131,"column":2},"end":{"line":160,"column":7}},"28":{"start":{"line":133,"column":6},"end":{"line":142,"column":8}},"29":{"start":{"line":144,"column":20},"end":{"line":147,"column":5}},"30":{"start":{"line":151,"column":6},"end":{"line":154,"column":8}},"31":{"start":{"line":155,"column":6},"end":{"line":159,"column":8}},"32":{"start":{"line":165,"column":0},"end":{"line":172,"column":2}}},"fnMap":{"0":{"name":"memoryConsume","decl":{"start":{"line":23,"column":9},"end":{"line":23,"column":22}},"loc":{"start":{"line":23,"column":33},"end":{"line":32,"column":1}},"line":23},"1":{"name":"memoryReset","decl":{"start":{"line":34,"column":9},"end":{"line":34,"column":20}},"loc":{"start":{"line":34,"column":23},"end":{"line":36,"column":1}},"line":34},"2":{"name":"getClient","decl":{"start":{"line":91,"column":9},"end":{"line":91,"column":18}},"loc":{"start":{"line":91,"column":21},"end":{"line":107,"column":1}},"line":91},"3":{"name":"(anonymous_3)","decl":{"start":{"line":102,"column":23},"end":{"line":102,"column":24}},"loc":{"start":{"line":102,"column":30},"end":{"line":104,"column":5}},"line":102},"4":{"name":"connect","decl":{"start":{"line":109,"column":9},"end":{"line":109,"column":16}},"loc":{"start":{"line":109,"column":19},"end":{"line":128,"column":1}},"line":109},"5":{"name":"(anonymous_5)","decl":{"start":{"line":116,"column":12},"end":{"line":116,"column":13}},"loc":{"start":{"line":116,"column":18},"end":{"line":120,"column":7}},"line":116},"6":{"name":"(anonymous_6)","decl":{"start":{"line":121,"column":13},"end":{"line":121,"column":14}},"loc":{"start":{"line":121,"column":20},"end":{"line":125,"column":7}},"line":121},"7":{"name":"redisConsume","decl":{"start":{"line":130,"column":9},"end":{"line":130,"column":21}},"loc":{"start":{"line":130,"column":32},"end":{"line":161,"column":1}},"line":130},"8":{"name":"(anonymous_8)","decl":{"start":{"line":132,"column":10},"end":{"line":132,"column":11}},"loc":{"start":{"line":133,"column":6},"end":{"line":142,"column":8}},"line":133},"9":{"name":"(anonymous_9)","decl":{"start":{"line":144,"column":10},"end":{"line":144,"column":11}},"loc":{"start":{"line":144,"column":20},"end":{"line":147,"column":5}},"line":144},"10":{"name":"(anonymous_10)","decl":{"start":{"line":148,"column":11},"end":{"line":148,"column":12}},"loc":{"start":{"line":148,"column":18},"end":{"line":160,"column":5}},"line":148}},"branchMap":{"0":{"loc":{"start":{"line":24,"column":37},"end":{"line":24,"column":60}},"type":"binary-expr","locations":[{"start":{"line":24,"column":37},"end":{"line":24,"column":52}},{"start":{"line":24,"column":56},"end":{"line":24,"column":60}}],"line":24},"1":{"loc":{"start":{"line":25,"column":2},"end":{"line":27,"column":3}},"type":"if","locations":[{"start":{"line":25,"column":2},"end":{"line":27,"column":3}},{"start":{},"end":{}}],"line":25},"2":{"loc":{"start":{"line":92,"column":2},"end":{"line":105,"column":3}},"type":"if","locations":[{"start":{"line":92,"column":2},"end":{"line":105,"column":3}},{"start":{},"end":{}}],"line":92},"3":{"loc":{"start":{"line":95,"column":16},"end":{"line":95,"column":55}},"type":"binary-expr","locations":[{"start":{"line":95,"column":16},"end":{"line":95,"column":42}},{"start":{"line":95,"column":46},"end":{"line":95,"column":55}}],"line":95},"4":{"loc":{"start":{"line":99,"column":14},"end":{"line":99,"column":52}},"type":"binary-expr","locations":[{"start":{"line":99,"column":14},"end":{"line":99,"column":44}},{"start":{"line":99,"column":48},"end":{"line":99,"column":52}}],"line":99},"5":{"loc":{"start":{"line":110,"column":2},"end":{"line":112,"column":3}},"type":"if","locations":[{"start":{"line":110,"column":2},"end":{"line":112,"column":3}},{"start":{},"end":{}}],"line":110},"6":{"loc":{"start":{"line":113,"column":2},"end":{"line":126,"column":3}},"type":"if","locations":[{"start":{"line":113,"column":2},"end":{"line":126,"column":3}},{"start":{},"end":{}}],"line":113},"7":{"loc":{"start":{"line":146,"column":18},"end":{"line":146,"column":60}},"type":"binary-expr","locations":[{"start":{"line":146,"column":18},"end":{"line":146,"column":34}},{"start":{"line":146,"column":38},"end":{"line":146,"column":60}}],"line":146},"8":{"loc":{"start":{"line":166,"column":11},"end":{"line":166,"column":40}},"type":"cond-expr","locations":[{"start":{"line":166,"column":22},"end":{"line":166,"column":29}},{"start":{"line":166,"column":32},"end":{"line":166,"column":40}}],"line":166},"9":{"loc":{"start":{"line":167,"column":11},"end":{"line":167,"column":50}},"type":"cond-expr","locations":[{"start":{"line":167,"column":22},"end":{"line":167,"column":34}},{"start":{"line":167,"column":37},"end":{"line":167,"column":50}}],"line":167}},"s":{"0":10,"1":10,"2":10,"3":10,"4":8,"5":8,"6":7,"7":8,"8":1,"9":10,"10":10,"11":10,"12":16,"13":7,"14":7,"15":7,"16":1,"17":16,"18":10,"19":1,"20":9,"21":8,"22":7,"23":1,"24":1,"25":1,"26":9,"27":9,"28":8,"29":7,"30":2,"31":2,"32":10},"f":{"0":8,"1":1,"2":16,"3":1,"4":10,"5":7,"6":1,"7":9,"8":8,"9":7,"10":2},"b":{"0":[8,3],"1":[7,1],"2":[7,9],"3":[7,1],"4":[7,1],"5":[1,9],"6":[8,1],"7":[7,6],"8":[7,3],"9":[7,3]},"_coverageSchema":"1a1c01bbd47fc00a2c39e90264f33305004495a9","hash":"04d5b268530e065bf0a62727ca603909a4af3ac3"}
,"/Users/pierrelouisrousseaux/Developer/Gobelins/lead_tech/app/rate_limiter.js": {"path":"/Users/pierrelouisrousseaux/Developer/Gobelins/lead_tech/app/rate_limiter.js","statementMap":{"0":{"start":{"line":11,"column":20},"end":{"line":11,"column":21}},"1":{"start":{"line":12,"column":20},"end":{"line":12,"column":22}},"2":{"start":{"line":13,"column":21},"end":{"line":13,"column":22}},"3":{"start":{"line":19,"column":16},"end":{"line":19,"column":25}},"4":{"start":{"line":23,"column":2},"end":{"line":23,"column":76}},"5":{"start":{"line":30,"column":2},"end":{"line":32,"column":3}},"6":{"start":{"line":31,"column":4},"end":{"line":31,"column":21}},"7":{"start":{"line":34,"column":16},"end":{"line":34,"column":31}},"8":{"start":{"line":37,"column":2},"end":{"line":40,"column":3}},"9":{"start":{"line":38,"column":4},"end":{"line":38,"column":76}},"10":{"start":{"line":39,"column":4},"end":{"line":39,"column":16}},"11":{"start":{"line":43,"column":2},"end":{"line":46,"column":3}},"12":{"start":{"line":44,"column":4},"end":{"line":44,"column":33}},"13":{"start":{"line":45,"column":4},"end":{"line":45,"column":16}},"14":{"start":{"line":49,"column":21},"end":{"line":49,"column":63}},"15":{"start":{"line":50,"column":19},"end":{"line":53,"column":3}},"16":{"start":{"line":55,"column":2},"end":{"line":59,"column":3}},"17":{"start":{"line":56,"column":4},"end":{"line":56,"column":43}},"18":{"start":{"line":57,"column":4},"end":{"line":57,"column":26}},"19":{"start":{"line":58,"column":4},"end":{"line":58,"column":16}},"20":{"start":{"line":62,"column":2},"end":{"line":62,"column":15}},"21":{"start":{"line":65,"column":0},"end":{"line":73,"column":2}}},"fnMap":{"0":{"name":"getClientIp","decl":{"start":{"line":22,"column":9},"end":{"line":22,"column":20}},"loc":{"start":{"line":22,"column":26},"end":{"line":24,"column":1}},"line":22},"1":{"name":"consume","decl":{"start":{"line":29,"column":9},"end":{"line":29,"column":16}},"loc":{"start":{"line":29,"column":26},"end":{"line":63,"column":1}},"line":29}},"branchMap":{"0":{"loc":{"start":{"line":23,"column":9},"end":{"line":23,"column":75}},"type":"binary-expr","locations":[{"start":{"line":23,"column":9},"end":{"line":23,"column":39}},{"start":{"line":23,"column":43},"end":{"line":23,"column":67}},{"start":{"line":23,"column":71},"end":{"line":23,"column":75}}],"line":23},"1":{"loc":{"start":{"line":30,"column":2},"end":{"line":32,"column":3}},"type":"if","locations":[{"start":{"line":30,"column":2},"end":{"line":32,"column":3}},{"start":{},"end":{}}],"line":30},"2":{"loc":{"start":{"line":37,"column":2},"end":{"line":40,"column":3}},"type":"if","locations":[{"start":{"line":37,"column":2},"end":{"line":40,"column":3}},{"start":{},"end":{}}],"line":37},"3":{"loc":{"start":{"line":43,"column":2},"end":{"line":46,"column":3}},"type":"if","locations":[{"start":{"line":43,"column":2},"end":{"line":46,"column":3}},{"start":{},"end":{}}],"line":43},"4":{"loc":{"start":{"line":55,"column":2},"end":{"line":59,"column":3}},"type":"if","locations":[{"start":{"line":55,"column":2},"end":{"line":59,"column":3}},{"start":{},"end":{}}],"line":55}},"s":{"0":1,"1":1,"2":1,"3":1,"4":3,"5":25,"6":1,"7":25,"8":25,"9":6,"10":6,"11":19,"12":13,"13":13,"14":6,"15":6,"16":6,"17":2,"18":2,"19":2,"20":4,"21":1},"f":{"0":3,"1":25},"b":{"0":[3,2,1],"1":[1,24],"2":[6,19],"3":[13,6],"4":[2,4]},"_coverageSchema":"1a1c01bbd47fc00a2c39e90264f33305004495a9","hash":"35f218894179eb53f134acf116008318dfcdcb38"}
,"/Users/pierrelouisrousseaux/Developer/Gobelins/lead_tech/app/route.js": {"path":"/Users/pierrelouisrousseaux/Developer/Gobelins/lead_tech/app/route.js","statementMap":{"0":{"start":{"line":1,"column":22},"end":{"line":1,"column":49}},"1":{"start":{"line":2,"column":19},"end":{"line":2,"column":43}},"2":{"start":{"line":3,"column":22},"end":{"line":3,"column":49}},"3":{"start":{"line":4,"column":15},"end":{"line":4,"column":35}},"4":{"start":{"line":5,"column":20},"end":{"line":5,"column":45}},"5":{"start":{"line":6,"column":23},"end":{"line":6,"column":52}},"6":{"start":{"line":7,"column":25},"end":{"line":7,"column":50}},"7":{"start":{"line":11,"column":2},"end":{"line":11,"column":24}},"8":{"start":{"line":13,"column":2},"end":{"line":60,"column":5}},"9":{"start":{"line":14,"column":17},"end":{"line":14,"column":31}},"10":{"start":{"line":15,"column":20},"end":{"line":15,"column":37}},"11":{"start":{"line":17,"column":30},"end":{"line":24,"column":5}},"12":{"start":{"line":27,"column":4},"end":{"line":29,"column":5}},"13":{"start":{"line":28,"column":6},"end":{"line":28,"column":52}},"14":{"start":{"line":32,"column":4},"end":{"line":35,"column":5}},"15":{"start":{"line":33,"column":6},"end":{"line":33,"column":49}},"16":{"start":{"line":34,"column":6},"end":{"line":34,"column":52}},"17":{"start":{"line":38,"column":4},"end":{"line":59,"column":9}},"18":{"start":{"line":41,"column":8},"end":{"line":41,"column":42}},"19":{"start":{"line":42,"column":8},"end":{"line":42,"column":47}},"20":{"start":{"line":46,"column":26},"end":{"line":46,"column":52}},"21":{"start":{"line":47,"column":8},"end":{"line":49,"column":9}},"22":{"start":{"line":48,"column":10},"end":{"line":48,"column":56}},"23":{"start":{"line":51,"column":8},"end":{"line":54,"column":11}},"24":{"start":{"line":52,"column":10},"end":{"line":52,"column":49}},"25":{"start":{"line":53,"column":10},"end":{"line":53,"column":56}},"26":{"start":{"line":57,"column":8},"end":{"line":57,"column":87}},"27":{"start":{"line":58,"column":8},"end":{"line":58,"column":47}},"28":{"start":{"line":62,"column":2},"end":{"line":95,"column":5}},"29":{"start":{"line":63,"column":17},"end":{"line":63,"column":31}},"30":{"start":{"line":65,"column":4},"end":{"line":67,"column":5}},"31":{"start":{"line":66,"column":6},"end":{"line":66,"column":79}},"32":{"start":{"line":73,"column":15},"end":{"line":73,"column":43}},"33":{"start":{"line":74,"column":4},"end":{"line":94,"column":7}},"34":{"start":{"line":75,"column":6},"end":{"line":78,"column":7}},"35":{"start":{"line":76,"column":8},"end":{"line":76,"column":60}},"36":{"start":{"line":77,"column":8},"end":{"line":77,"column":79}},"37":{"start":{"line":83,"column":6},"end":{"line":93,"column":11}},"38":{"start":{"line":86,"column":10},"end":{"line":89,"column":12}},"39":{"start":{"line":92,"column":10},"end":{"line":92,"column":64}},"40":{"start":{"line":98,"column":0},"end":{"line":98,"column":23}}},"fnMap":{"0":{"name":"route","decl":{"start":{"line":9,"column":9},"end":{"line":9,"column":14}},"loc":{"start":{"line":9,"column":20},"end":{"line":96,"column":1}},"line":9},"1":{"name":"(anonymous_1)","decl":{"start":{"line":13,"column":15},"end":{"line":13,"column":16}},"loc":{"start":{"line":13,"column":29},"end":{"line":60,"column":3}},"line":13},"2":{"name":"(anonymous_2)","decl":{"start":{"line":40,"column":12},"end":{"line":40,"column":13}},"loc":{"start":{"line":40,"column":22},"end":{"line":55,"column":7}},"line":40},"3":{"name":"(anonymous_3)","decl":{"start":{"line":51,"column":51},"end":{"line":51,"column":52}},"loc":{"start":{"line":51,"column":58},"end":{"line":54,"column":9}},"line":51},"4":{"name":"(anonymous_4)","decl":{"start":{"line":56,"column":13},"end":{"line":56,"column":14}},"loc":{"start":{"line":56,"column":22},"end":{"line":59,"column":7}},"line":56},"5":{"name":"(anonymous_5)","decl":{"start":{"line":62,"column":19},"end":{"line":62,"column":20}},"loc":{"start":{"line":62,"column":33},"end":{"line":95,"column":3}},"line":62},"6":{"name":"(anonymous_6)","decl":{"start":{"line":74,"column":55},"end":{"line":74,"column":56}},"loc":{"start":{"line":74,"column":67},"end":{"line":94,"column":5}},"line":74},"7":{"name":"(anonymous_7)","decl":{"start":{"line":85,"column":14},"end":{"line":85,"column":15}},"loc":{"start":{"line":85,"column":20},"end":{"line":90,"column":9}},"line":85},"8":{"name":"(anonymous_8)","decl":{"start":{"line":91,"column":15},"end":{"line":91,"column":16}},"loc":{"start":{"line":91,"column":24},"end":{"line":93,"column":9}},"line":91}},"branchMap":{"0":{"loc":{"start":{"line":18,"column":21},"end":{"line":18,"column":31}},"type":"binary-expr","locations":[{"start":{"line":18,"column":21},"end":{"line":18,"column":25}},{"start":{"line":18,"column":29},"end":{"line":18,"column":31}}],"line":18},"1":{"loc":{"start":{"line":19,"column":24},"end":{"line":19,"column":37}},"type":"binary-expr","locations":[{"start":{"line":19,"column":24},"end":{"line":19,"column":31}},{"start":{"line":19,"column":35},"end":{"line":19,"column":37}}],"line":19},"2":{"loc":{"start":{"line":27,"column":4},"end":{"line":29,"column":5}},"type":"if","locations":[{"start":{"line":27,"column":4},"end":{"line":29,"column":5}},{"start":{},"end":{}}],"line":27},"3":{"loc":{"start":{"line":27,"column":8},"end":{"line":27,"column":25}},"type":"binary-expr","locations":[{"start":{"line":27,"column":8},"end":{"line":27,"column":13}},{"start":{"line":27,"column":17},"end":{"line":27,"column":25}}],"line":27},"4":{"loc":{"start":{"line":32,"column":4},"end":{"line":35,"column":5}},"type":"if","locations":[{"start":{"line":32,"column":4},"end":{"line":35,"column":5}},{"start":{},"end":{}}],"line":32},"5":{"loc":{"start":{"line":47,"column":8},"end":{"line":49,"column":9}},"type":"if","locations":[{"start":{"line":47,"column":8},"end":{"line":49,"column":9}},{"start":{},"end":{}}],"line":47},"6":{"loc":{"start":{"line":65,"column":4},"end":{"line":67,"column":5}},"type":"if","locations":[{"start":{"line":65,"column":4},"end":{"line":67,"column":5}},{"start":{},"end":{}}],"line":65},"7":{"loc":{"start":{"line":75,"column":6},"end":{"line":78,"column":7}},"type":"if","locations":[{"start":{"line":75,"column":6},"end":{"line":78,"column":7}},{"start":{},"end":{}}],"line":75}},"s":{"0":1,"1":1,"2":1,"3":1,"4":1,"5":1,"6":1,"7":1,"8":1,"9":5,"10":5,"11":5,"12":5,"13":1,"14":4,"15":1,"16":1,"17":3,"18":2,"19":2,"20":2,"21":2,"22":1,"23":1,"24":1,"25":1,"26":1,"27":1,"28":1,"29":4,"30":4,"31":1,"32":3,"33":3,"34":3,"35":1,"36":1,"37":2,"38":1,"39":1,"40":1},"f":{"0":1,"1":5,"2":2,"3":1,"4":1,"5":4,"6":3,"7":1,"8":1},"b":{"0":[5,1],"1":[5,1],"2":[1,4],"3":[5,1],"4":[1,3],"5":[1,1],"6":[1,3],"7":[1,2]},"_coverageSchema":"1a1c01bbd47fc00a2c39e90264f33305004495a9","hash":"b94221617ea77b38556a8a46b809ad0eb320822a"}
,"/Users/pierrelouisrousseaux/Developer/Gobelins/lead_tech/app/token_bucket.js": {"path":"/Users/pierrelouisrousseaux/Developer/Gobelins/lead_tech/app/token_bucket.js","statementMap":{"0":{"start":{"line":11,"column":20},"end":{"line":11,"column":21}},"1":{"start":{"line":12,"column":20},"end":{"line":12,"column":22}},"2":{"start":{"line":13,"column":21},"end":{"line":13,"column":22}},"3":{"start":{"line":27,"column":2},"end":{"line":32,"column":3}},"4":{"start":{"line":28,"column":4},"end":{"line":31,"column":6}},"5":{"start":{"line":35,"column":2},"end":{"line":40,"column":3}},"6":{"start":{"line":36,"column":4},"end":{"line":39,"column":6}},"7":{"start":{"line":43,"column":21},"end":{"line":43,"column":63}},"8":{"start":{"line":44,"column":19},"end":{"line":47,"column":3}},"9":{"start":{"line":49,"column":2},"end":{"line":54,"column":3}},"10":{"start":{"line":50,"column":4},"end":{"line":53,"column":6}},"11":{"start":{"line":57,"column":2},"end":{"line":57,"column":41}},"12":{"start":{"line":62,"column":2},"end":{"line":62,"column":47}},"13":{"start":{"line":68,"column":2},"end":{"line":68,"column":53}},"14":{"start":{"line":71,"column":0},"end":{"line":78,"column":2}}},"fnMap":{"0":{"name":"applyRequest","decl":{"start":{"line":25,"column":9},"end":{"line":25,"column":21}},"loc":{"start":{"line":25,"column":34},"end":{"line":58,"column":1}},"line":25},"1":{"name":"retryAfterSec","decl":{"start":{"line":61,"column":9},"end":{"line":61,"column":22}},"loc":{"start":{"line":61,"column":25},"end":{"line":63,"column":1}},"line":61},"2":{"name":"ttlMs","decl":{"start":{"line":67,"column":9},"end":{"line":67,"column":14}},"loc":{"start":{"line":67,"column":17},"end":{"line":69,"column":1}},"line":67}},"branchMap":{"0":{"loc":{"start":{"line":27,"column":2},"end":{"line":32,"column":3}},"type":"if","locations":[{"start":{"line":27,"column":2},"end":{"line":32,"column":3}},{"start":{},"end":{}}],"line":27},"1":{"loc":{"start":{"line":35,"column":2},"end":{"line":40,"column":3}},"type":"if","locations":[{"start":{"line":35,"column":2},"end":{"line":40,"column":3}},{"start":{},"end":{}}],"line":35},"2":{"loc":{"start":{"line":49,"column":2},"end":{"line":54,"column":3}},"type":"if","locations":[{"start":{"line":49,"column":2},"end":{"line":54,"column":3}},{"start":{},"end":{}}],"line":49}},"s":{"0":11,"1":11,"2":11,"3":37,"4":9,"5":28,"6":21,"7":7,"8":7,"9":7,"10":2,"11":5,"12":16,"13":8,"14":11},"f":{"0":37,"1":16,"2":8},"b":{"0":[9,28],"1":[21,7],"2":[2,5]},"_coverageSchema":"1a1c01bbd47fc00a2c39e90264f33305004495a9","hash":"073535e83c96812ab6cd5cf312fb9ed6f19e92ea"}
,"/Users/pierrelouisrousseaux/Developer/Gobelins/lead_tech/app/zip_job.js": {"path":"/Users/pierrelouisrousseaux/Developer/Gobelins/lead_tech/app/zip_job.js","statementMap":{"0":{"start":{"line":1,"column":15},"end":{"line":1,"column":32}},"1":{"start":{"line":2,"column":14},"end":{"line":2,"column":30}},"2":{"start":{"line":3,"column":17},"end":{"line":3,"column":36}},"3":{"start":{"line":4,"column":20},"end":{"line":4,"column":52}},"4":{"start":{"line":6,"column":19},"end":{"line":6,"column":43}},"5":{"start":{"line":7,"column":19},"end":{"line":7,"column":43}},"6":{"start":{"line":10,"column":16},"end":{"line":10,"column":29}},"7":{"start":{"line":12,"column":19},"end":{"line":12,"column":62}},"8":{"start":{"line":16,"column":22},"end":{"line":16,"column":24}},"9":{"start":{"line":20,"column":2},"end":{"line":43,"column":5}},"10":{"start":{"line":21,"column":4},"end":{"line":42,"column":27}},"11":{"start":{"line":23,"column":23},"end":{"line":23,"column":42}},"12":{"start":{"line":26,"column":8},"end":{"line":30,"column":9}},"13":{"start":{"line":27,"column":10},"end":{"line":27,"column":28}},"14":{"start":{"line":28,"column":10},"end":{"line":28,"column":60}},"15":{"start":{"line":29,"column":10},"end":{"line":29,"column":17}},"16":{"start":{"line":32,"column":8},"end":{"line":36,"column":9}},"17":{"start":{"line":33,"column":10},"end":{"line":33,"column":28}},"18":{"start":{"line":34,"column":10},"end":{"line":34,"column":62}},"19":{"start":{"line":35,"column":10},"end":{"line":35,"column":17}},"20":{"start":{"line":38,"column":23},"end":{"line":38,"column":25}},"21":{"start":{"line":39,"column":8},"end":{"line":39,"column":57}},"22":{"start":{"line":39,"column":37},"end":{"line":39,"column":55}},"23":{"start":{"line":40,"column":8},"end":{"line":40,"column":65}},"24":{"start":{"line":40,"column":33},"end":{"line":40,"column":63}},"25":{"start":{"line":48,"column":2},"end":{"line":59,"column":5}},"26":{"start":{"line":49,"column":20},"end":{"line":49,"column":59}},"27":{"start":{"line":50,"column":19},"end":{"line":50,"column":21}},"28":{"start":{"line":52,"column":4},"end":{"line":52,"column":52}},"29":{"start":{"line":52,"column":32},"end":{"line":52,"column":50}},"30":{"start":{"line":53,"column":4},"end":{"line":53,"column":34}},"31":{"start":{"line":54,"column":4},"end":{"line":54,"column":32}},"32":{"start":{"line":55,"column":4},"end":{"line":55,"column":60}},"33":{"start":{"line":55,"column":28},"end":{"line":55,"column":58}},"34":{"start":{"line":57,"column":4},"end":{"line":57,"column":76}},"35":{"start":{"line":57,"column":26},"end":{"line":57,"column":74}},"36":{"start":{"line":58,"column":4},"end":{"line":58,"column":23}},"37":{"start":{"line":65,"column":15},"end":{"line":65,"column":58}},"38":{"start":{"line":66,"column":17},"end":{"line":72,"column":4}},"39":{"start":{"line":74,"column":2},"end":{"line":78,"column":5}},"40":{"start":{"line":75,"column":4},"end":{"line":75,"column":43}},"41":{"start":{"line":75,"column":30},"end":{"line":75,"column":41}},"42":{"start":{"line":76,"column":4},"end":{"line":76,"column":45}},"43":{"start":{"line":76,"column":30},"end":{"line":76,"column":43}},"44":{"start":{"line":77,"column":4},"end":{"line":77,"column":26}},"45":{"start":{"line":83,"column":2},"end":{"line":83,"column":64}},"46":{"start":{"line":85,"column":2},"end":{"line":116,"column":7}},"47":{"start":{"line":88,"column":23},"end":{"line":88,"column":42}},"48":{"start":{"line":89,"column":6},"end":{"line":89,"column":96}},"49":{"start":{"line":90,"column":6},"end":{"line":97,"column":8}},"50":{"start":{"line":92,"column":10},"end":{"line":95,"column":13}},"51":{"start":{"line":92,"column":55},"end":{"line":95,"column":11}},"52":{"start":{"line":101,"column":25},"end":{"line":101,"column":63}},"53":{"start":{"line":102,"column":6},"end":{"line":102,"column":119}},"54":{"start":{"line":103,"column":6},"end":{"line":103,"column":69}},"55":{"start":{"line":103,"column":57},"end":{"line":103,"column":67}},"56":{"start":{"line":106,"column":6},"end":{"line":106,"column":39}},"57":{"start":{"line":109,"column":6},"end":{"line":111,"column":32}},"58":{"start":{"line":110,"column":29},"end":{"line":110,"column":78}},"59":{"start":{"line":111,"column":20},"end":{"line":111,"column":30}},"60":{"start":{"line":114,"column":6},"end":{"line":114,"column":97}},"61":{"start":{"line":115,"column":6},"end":{"line":115,"column":24}},"62":{"start":{"line":122,"column":18},"end":{"line":125,"column":3}},"63":{"start":{"line":127,"column":2},"end":{"line":131,"column":27}},"64":{"start":{"line":131,"column":18},"end":{"line":131,"column":25}},"65":{"start":{"line":134,"column":0},"end":{"line":142,"column":2}}},"fnMap":{"0":{"name":"downloadImage","decl":{"start":{"line":19,"column":9},"end":{"line":19,"column":22}},"loc":{"start":{"line":19,"column":28},"end":{"line":44,"column":1}},"line":19},"1":{"name":"(anonymous_1)","decl":{"start":{"line":20,"column":21},"end":{"line":20,"column":22}},"loc":{"start":{"line":20,"column":42},"end":{"line":43,"column":3}},"line":20},"2":{"name":"(anonymous_2)","decl":{"start":{"line":22,"column":16},"end":{"line":22,"column":17}},"loc":{"start":{"line":22,"column":28},"end":{"line":41,"column":7}},"line":22},"3":{"name":"(anonymous_3)","decl":{"start":{"line":39,"column":28},"end":{"line":39,"column":29}},"loc":{"start":{"line":39,"column":37},"end":{"line":39,"column":55}},"line":39},"4":{"name":"(anonymous_4)","decl":{"start":{"line":40,"column":27},"end":{"line":40,"column":28}},"loc":{"start":{"line":40,"column":33},"end":{"line":40,"column":63}},"line":40},"5":{"name":"buildZip","decl":{"start":{"line":47,"column":9},"end":{"line":47,"column":17}},"loc":{"start":{"line":47,"column":25},"end":{"line":60,"column":1}},"line":47},"6":{"name":"(anonymous_6)","decl":{"start":{"line":48,"column":21},"end":{"line":48,"column":22}},"loc":{"start":{"line":48,"column":42},"end":{"line":59,"column":3}},"line":48},"7":{"name":"(anonymous_7)","decl":{"start":{"line":52,"column":23},"end":{"line":52,"column":24}},"loc":{"start":{"line":52,"column":32},"end":{"line":52,"column":50}},"line":52},"8":{"name":"(anonymous_8)","decl":{"start":{"line":55,"column":22},"end":{"line":55,"column":23}},"loc":{"start":{"line":55,"column":28},"end":{"line":55,"column":58}},"line":55},"9":{"name":"(anonymous_9)","decl":{"start":{"line":57,"column":18},"end":{"line":57,"column":19}},"loc":{"start":{"line":57,"column":26},"end":{"line":57,"column":74}},"line":57},"10":{"name":"uploadZip","decl":{"start":{"line":64,"column":9},"end":{"line":64,"column":18}},"loc":{"start":{"line":64,"column":42},"end":{"line":79,"column":1}},"line":64},"11":{"name":"(anonymous_11)","decl":{"start":{"line":74,"column":21},"end":{"line":74,"column":22}},"loc":{"start":{"line":74,"column":42},"end":{"line":78,"column":3}},"line":74},"12":{"name":"(anonymous_12)","decl":{"start":{"line":75,"column":23},"end":{"line":75,"column":24}},"loc":{"start":{"line":75,"column":30},"end":{"line":75,"column":41}},"line":75},"13":{"name":"(anonymous_13)","decl":{"start":{"line":76,"column":24},"end":{"line":76,"column":25}},"loc":{"start":{"line":76,"column":30},"end":{"line":76,"column":43}},"line":76},"14":{"name":"processZipRequest","decl":{"start":{"line":82,"column":9},"end":{"line":82,"column":26}},"loc":{"start":{"line":82,"column":33},"end":{"line":117,"column":1}},"line":82},"15":{"name":"(anonymous_15)","decl":{"start":{"line":87,"column":10},"end":{"line":87,"column":11}},"loc":{"start":{"line":87,"column":20},"end":{"line":98,"column":5}},"line":87},"16":{"name":"(anonymous_16)","decl":{"start":{"line":91,"column":21},"end":{"line":91,"column":22}},"loc":{"start":{"line":92,"column":10},"end":{"line":95,"column":13}},"line":92},"17":{"name":"(anonymous_17)","decl":{"start":{"line":92,"column":44},"end":{"line":92,"column":45}},"loc":{"start":{"line":92,"column":55},"end":{"line":95,"column":11}},"line":92},"18":{"name":"(anonymous_18)","decl":{"start":{"line":100,"column":10},"end":{"line":100,"column":11}},"loc":{"start":{"line":100,"column":23},"end":{"line":104,"column":5}},"line":100},"19":{"name":"(anonymous_19)","decl":{"start":{"line":103,"column":51},"end":{"line":103,"column":52}},"loc":{"start":{"line":103,"column":57},"end":{"line":103,"column":67}},"line":103},"20":{"name":"(anonymous_20)","decl":{"start":{"line":105,"column":10},"end":{"line":105,"column":11}},"loc":{"start":{"line":105,"column":24},"end":{"line":112,"column":5}},"line":105},"21":{"name":"(anonymous_21)","decl":{"start":{"line":110,"column":14},"end":{"line":110,"column":15}},"loc":{"start":{"line":110,"column":29},"end":{"line":110,"column":78}},"line":110},"22":{"name":"(anonymous_22)","decl":{"start":{"line":111,"column":14},"end":{"line":111,"column":15}},"loc":{"start":{"line":111,"column":20},"end":{"line":111,"column":30}},"line":111},"23":{"name":"(anonymous_23)","decl":{"start":{"line":113,"column":10},"end":{"line":113,"column":11}},"loc":{"start":{"line":113,"column":24},"end":{"line":116,"column":5}},"line":113},"24":{"name":"getSignedUrl","decl":{"start":{"line":121,"column":9},"end":{"line":121,"column":21}},"loc":{"start":{"line":121,"column":34},"end":{"line":132,"column":1}},"line":121},"25":{"name":"(anonymous_25)","decl":{"start":{"line":131,"column":10},"end":{"line":131,"column":11}},"loc":{"start":{"line":131,"column":18},"end":{"line":131,"column":25}},"line":131}},"branchMap":{"0":{"loc":{"start":{"line":12,"column":19},"end":{"line":12,"column":62}},"type":"binary-expr","locations":[{"start":{"line":12,"column":19},"end":{"line":12,"column":41}},{"start":{"line":12,"column":45},"end":{"line":12,"column":62}}],"line":12},"1":{"loc":{"start":{"line":26,"column":8},"end":{"line":30,"column":9}},"type":"if","locations":[{"start":{"line":26,"column":8},"end":{"line":30,"column":9}},{"start":{},"end":{}}],"line":26},"2":{"loc":{"start":{"line":26,"column":12},"end":{"line":26,"column":44}},"type":"binary-expr","locations":[{"start":{"line":26,"column":12},"end":{"line":26,"column":26}},{"start":{"line":26,"column":30},"end":{"line":26,"column":44}}],"line":26},"3":{"loc":{"start":{"line":32,"column":8},"end":{"line":36,"column":9}},"type":"if","locations":[{"start":{"line":32,"column":8},"end":{"line":36,"column":9}},{"start":{},"end":{}}],"line":32}},"s":{"0":1,"1":1,"2":1,"3":1,"4":1,"5":1,"6":1,"7":1,"8":1,"9":15,"10":15,"11":14,"12":14,"13":1,"14":1,"15":1,"16":13,"17":1,"18":1,"19":1,"20":12,"21":12,"22":12,"23":12,"24":12,"25":4,"26":4,"27":4,"28":4,"29":2,"30":4,"31":4,"32":4,"33":2,"34":4,"35":11,"36":4,"37":3,"38":3,"39":3,"40":3,"41":1,"42":3,"43":2,"44":3,"45":1,"46":1,"47":1,"48":1,"49":1,"50":10,"51":10,"52":1,"53":1,"54":1,"55":1,"56":1,"57":1,"58":1,"59":1,"60":1,"61":1,"62":2,"63":2,"64":2,"65":1},"f":{"0":15,"1":15,"2":14,"3":12,"4":12,"5":4,"6":4,"7":2,"8":2,"9":11,"10":3,"11":3,"12":1,"13":2,"14":1,"15":1,"16":10,"17":10,"18":1,"19":1,"20":1,"21":1,"22":1,"23":1,"24":2,"25":2},"b":{"0":[1,1],"1":[1,13],"2":[14,14],"3":[1,12]},"_coverageSchema":"1a1c01bbd47fc00a2c39e90264f33305004495a9","hash":"28de68af6bd2d54c3970f98301390a15f79218ba"}
}
