{"/Users/pierrelouisrousseaux/Developer/Gobelins/lead_tech/app/firebase_db.js": {"path":"/Users/pierrelouisrousseaux/Developer/Gobelins/lead_tech/app/firebase_db.js","statementMap":{"0":{"start":{"line":1,"column":55},"end":{"line":1,"column":84}},"1":{"start":{"line":2,"column":24},"end":{"line":2,"column":58}},"2":{"start":{"line":5,"column":2},"end":{"line":5,"column":81}},"3":{"start":{"line":6,"column":16},"end":{"line":6,"column":61}},"4":{"start":{"line":7,"column":19},"end":{"line":7,"column":62}},"5":{"start":{"line":11,"column":12},"end":{"line":13,"column":68}},"6":{"start":{"line":17,"column":2},"end":{"line":17,"column":42}},"7":{"start":{"line":24,"column":19},"end":{"line":24,"column":46}},"8":{"start":{"line":25,"column":18},"end":{"line":25,"column":51}},"9":{"start":{"line":26,"column":15},"end":{"line":26,"column":70}},"10":{"start":{"line":28,"column":2},"end":{"line":37,"column":22}},"11":{"start":{"line":37,"column":16},"end":{"line":37,"column":20}},"12":{"start":{"line":40,"column":0},"end":{"line":42,"column":2}}},"fnMap":{"0":{"name":"safeKey","decl":{"start":{"line":16,"column":9},"end":{"line":16,"column":16}},"loc":{"start":{"line":16,"column":24},"end":{"line":18,"column":1}},"line":16},"1":{"name":"saveJob","decl":{"start":{"line":23,"column":9},"end":{"line":23,"column":16}},"loc":{"start":{"line":23,"column":48},"end":{"line":38,"column":1}},"line":23},"2":{"name":"(anonymous_2)","decl":{"start":{"line":37,"column":10},"end":{"line":37,"column":11}},"loc":{"start":{"line":37,"column":16},"end":{"line":37,"column":20}},"line":37}},"branchMap":{"0":{"loc":{"start":{"line":5,"column":2},"end":{"line":5,"column":81}},"type":"binary-expr","locations":[{"start":{"line":5,"column":2},"end":{"line":5,"column":29}},{"start":{"line":5,"column":33},"end":{"line":5,"column":81}}],"line":5},"1":{"loc":{"start":{"line":6,"column":16},"end":{"line":6,"column":61}},"type":"binary-expr","locations":[{"start":{"line":6,"column":16},"end":{"line":6,"column":44}},{"start":{"line":6,"column":48},"end":{"line":6,"column":61}}],"line":6},"2":{"loc":{"start":{"line":7,"column":19},"end":{"line":7,"column":62}},"type":"binary-expr","locations":[{"start":{"line":7,"column":19},"end":{"line":7,"column":41}},{"start":{"line":7,"column":45},"end":{"line":7,"column":62}}],"line":7},"3":{"loc":{"start":{"line":11,"column":12},"end":{"line":13,"column":68}},"type":"cond-expr","locations":[{"start":{"line":12,"column":4},"end":{"line":12,"column":16}},{"start":{"line":13,"column":4},"end":{"line":13,"column":68}}],"line":11}},"s":{"0":2,"1":2,"2":2,"3":2,"4":2,"5":2,"6":4,"7":2,"8":2,"9":2,"10":2,"11":2,"12":2},"f":{"0":4,"1":2,"2":2},"b":{"0":[2,1],"1":[2,1],"2":[2,1],"3":[1,1]},"_coverageSchema":"1a1c01bbd47fc00a2c39e90264f33305004495a9","hash":"d2ed222713015e73e78c602863a5feabae764939"}
,"/Users/pierrelouisrousseaux/Developer/Gobelins/lead_tech/app/form_validator.js": {"path":"/Users/pierrelouisrousseaux/Developer/Gobelins/lead_tech/app/form_validator.js","statementMap":{"0":{"start":{"line":3,"column":34},"end":{"line":3,"column":50}},"1":{"start":{"line":4,"column":2},"end":{"line":4,"column":45}},"2":{"start":{"line":8,"column":2},"end":{"line":8,"column":44}},"3":{"start":{"line":12,"column":2},"end":{"line":12,"column":68}},"4":{"start":{"line":15,"column":0},"end":{"line":19,"column":2}}},"fnMap":{"0":{"name":"isValidCommaDelimitedList","decl":{"start":{"line":1,"column":9},"end":{"line":1,"column":34}},"loc":{"start":{"line":1,"column":42},"end":{"line":5,"column":1}},"line":1},"1":{"name":"isValidTagmode","decl":{"start":{"line":7,"column":9},"end":{"line":7,"column":23}},"loc":{"start":{"line":7,"column":31},"end":{"line":9,"column":1}},"line":7},"2":{"name":"hasValidFlickrAPIParams","decl":{"start":{"line":11,"column":9},"end":{"line":11,"column":32}},"loc":{"start":{"line":11,"column":48},"end":{"line":13,"column":1}},"line":11}},"branchMap":{"0":{"loc":{"start":{"line":8,"column":9},"end":{"line":8,"column":43}},"type":"binary-expr","locations":[{"start":{"line":8,"column":9},"end":{"line":8,"column":24}},{"start":{"line":8,"column":28},"end":{"line":8,"column":43}}],"line":8},"1":{"loc":{"start":{"line":12,"column":9},"end":{"line":12,"column":67}},"type":"binary-expr","locations":[{"start":{"line":12,"column":9},"end":{"line":12,"column":40}},{"start":{"line":12,"column":44},"end":{"line":12,"column":67}}],"line":12}},"s":{"0":11,"1":11,"2":8,"3":7,"4":2},"f":{"0":11,"1":8,"2":7},"b":{"0":[8,3],"1":[7,5]},"_coverageSchema":"1a1c01bbd47fc00a2c39e90264f33305004495a9","hash":"285c9eb432ce42b05a007d141bc5be081d91394c"}
,"/Users/pierrelouisrousseaux/Developer/Gobelins/lead_tech/app/jsonp_helper.js": {"path":"/Users/pierrelouisrousseaux/Developer/Gobelins/lead_tech/app/jsonp_helper.js","statementMap":{"0":{"start":{"line":2,"column":2},"end":{"line":14,"column":3}},"1":{"start":{"line":3,"column":21},"end":{"line":3,"column":44}},"2":{"start":{"line":4,"column":19},"end":{"line":4,"column":46}},"3":{"start":{"line":5,"column":21},"end":{"line":5,"column":66}},"4":{"start":{"line":8,"column":4},"end":{"line":8,"column":49}},"5":{"start":{"line":10,"column":4},"end":{"line":10,"column":34}},"6":{"start":{"line":12,"column":18},"end":{"line":12,"column":76}},"7":{"start":{"line":13,"column":4},"end":{"line":13,"column":16}},"8":{"start":{"line":17,"column":0},"end":{"line":19,"column":2}}},"fnMap":{"0":{"name":"parseJSONP","decl":{"start":{"line":1,"column":9},"end":{"line":1,"column":19}},"loc":{"start":{"line":1,"column":31},"end":{"line":15,"column":1}},"line":1}},"branchMap":{},"s":{"0":5,"1":5,"2":5,"3":5,"4":5,"5":5,"6":2,"7":2,"8":4},"f":{"0":5},"b":{},"_coverageSchema":"1a1c01bbd47fc00a2c39e90264f33305004495a9","hash":"d7a125f7234bfff30239809f5f0bdc1f83ac948d"}
,"/Users/pierrelouisrousseaux/Developer/Gobelins/lead_tech/app/photo_model.js": {"path":"/Users/pierrelouisrousseaux/Developer/Gobelins/lead_tech/app/photo_model.js","statementMap":{"0":{"start":{"line":1,"column":12},"end":{"line":1,"column":26}},"1":{"start":{"line":2,"column":20},"end":{"line":2,"column":42}},"2":{"start":{"line":3,"column":20},"end":{"line":3,"column":45}},"3":{"start":{"line":6,"column":13},"end":{"line":6,"column":69}},"4":{"start":{"line":8,"column":18},"end":{"line":8,"column":81}},"5":{"start":{"line":10,"column":2},"end":{"line":19,"column":5}},"6":{"start":{"line":11,"column":22},"end":{"line":11,"column":59}},"7":{"start":{"line":13,"column":4},"end":{"line":16,"column":7}},"8":{"start":{"line":14,"column":6},"end":{"line":14,"column":64}},"9":{"start":{"line":15,"column":6},"end":{"line":15,"column":64}},"10":{"start":{"line":18,"column":4},"end":{"line":18,"column":27}},"11":{"start":{"line":22,"column":0},"end":{"line":24,"column":2}}},"fnMap":{"0":{"name":"getFlickrPhotos","decl":{"start":{"line":5,"column":9},"end":{"line":5,"column":24}},"loc":{"start":{"line":5,"column":40},"end":{"line":20,"column":1}},"line":5},"1":{"name":"(anonymous_1)","decl":{"start":{"line":10,"column":39},"end":{"line":10,"column":40}},"loc":{"start":{"line":10,"column":51},"end":{"line":19,"column":3}},"line":10},"2":{"name":"(anonymous_2)","decl":{"start":{"line":13,"column":28},"end":{"line":13,"column":29}},"loc":{"start":{"line":13,"column":37},"end":{"line":16,"column":5}},"line":13}},"branchMap":{},"s":{"0":3,"1":3,"2":3,"3":3,"4":3,"5":3,"6":2,"7":1,"8":2,"9":2,"10":1,"11":3},"f":{"0":3,"1":2,"2":2},"b":{},"_coverageSchema":"1a1c01bbd47fc00a2c39e90264f33305004495a9","hash":"3ee6f226c5008325ee5127a960c7e4fdbbc46d0b"}
,"/Users/pierrelouisrousseaux/Developer/Gobelins/lead_tech/app/queue_consumer.js": {"path":"/Users/pierrelouisrousseaux/Developer/Gobelins/lead_tech/app/queue_consumer.js","statementMap":{"0":{"start":{"line":1,"column":19},"end":{"line":1,"column":50}},"1":{"start":{"line":3,"column":15},"end":{"line":3,"column":35}},"2":{"start":{"line":7,"column":21},"end":{"line":7,"column":74}},"3":{"start":{"line":14,"column":2},"end":{"line":20,"column":3}},"4":{"start":{"line":15,"column":4},"end":{"line":15,"column":50}},"5":{"start":{"line":17,"column":4},"end":{"line":17,"column":90}},"6":{"start":{"line":18,"column":4},"end":{"line":18,"column":18}},"7":{"start":{"line":19,"column":4},"end":{"line":19,"column":11}},"8":{"start":{"line":22,"column":2},"end":{"line":22,"column":98}},"9":{"start":{"line":24,"column":2},"end":{"line":33,"column":7}},"10":{"start":{"line":27,"column":6},"end":{"line":27,"column":65}},"11":{"start":{"line":28,"column":6},"end":{"line":28,"column":20}},"12":{"start":{"line":31,"column":6},"end":{"line":31,"column":118}},"13":{"start":{"line":32,"column":6},"end":{"line":32,"column":20}},"14":{"start":{"line":39,"column":27},"end":{"line":39,"column":51}},"15":{"start":{"line":40,"column":23},"end":{"line":40,"column":66}},"16":{"start":{"line":42,"column":2},"end":{"line":42,"column":44}},"17":{"start":{"line":43,"column":2},"end":{"line":45,"column":5}},"18":{"start":{"line":44,"column":4},"end":{"line":44,"column":89}},"19":{"start":{"line":47,"column":2},"end":{"line":47,"column":91}},"20":{"start":{"line":48,"column":2},"end":{"line":48,"column":22}},"21":{"start":{"line":52,"column":0},"end":{"line":54,"column":1}},"22":{"start":{"line":53,"column":2},"end":{"line":53,"column":18}},"23":{"start":{"line":56,"column":0},"end":{"line":59,"column":2}}},"fnMap":{"0":{"name":"handleMessage","decl":{"start":{"line":11,"column":9},"end":{"line":11,"column":22}},"loc":{"start":{"line":11,"column":32},"end":{"line":34,"column":1}},"line":11},"1":{"name":"(anonymous_1)","decl":{"start":{"line":26,"column":10},"end":{"line":26,"column":11}},"loc":{"start":{"line":26,"column":16},"end":{"line":29,"column":5}},"line":26},"2":{"name":"(anonymous_2)","decl":{"start":{"line":30,"column":11},"end":{"line":30,"column":12}},"loc":{"start":{"line":30,"column":18},"end":{"line":33,"column":5}},"line":30},"3":{"name":"startConsumer","decl":{"start":{"line":38,"column":9},"end":{"line":38,"column":22}},"loc":{"start":{"line":38,"column":25},"end":{"line":49,"column":1}},"line":38},"4":{"name":"(anonymous_4)","decl":{"start":{"line":43,"column":27},"end":{"line":43,"column":28}},"loc":{"start":{"line":43,"column":36},"end":{"line":45,"column":3}},"line":43}},"branchMap":{"0":{"loc":{"start":{"line":52,"column":0},"end":{"line":54,"column":1}},"type":"if","locations":[{"start":{"line":52,"column":0},"end":{"line":54,"column":1}},{"start":{},"end":{}}],"line":52}},"s":{"0":3,"1":3,"2":3,"3":3,"4":3,"5":1,"6":1,"7":1,"8":2,"9":2,"10":1,"11":1,"12":1,"13":1,"14":2,"15":2,"16":2,"17":2,"18":1,"19":2,"20":2,"21":3,"22":1,"23":3},"f":{"0":3,"1":1,"2":1,"3":2,"4":1},"b":{"0":[1,2]},"_coverageSchema":"1a1c01bbd47fc00a2c39e90264f33305004495a9","hash":"660b969f375cfdcd765e171b4ce5d56d6f89680c"}
,"/Users/pierrelouisrousseaux/Developer/Gobelins/lead_tech/app/queue_producer.js": {"path":"/Users/pierrelouisrousseaux/Developer/Gobelins/lead_tech/app/queue_producer.js","statementMap":{"0":{"start":{"line":1,"column":19},"end":{"line":1,"column":50}},"1":{"start":{"line":5,"column":21},"end":{"line":5,"column":74}},"2":{"start":{"line":10,"column":20},"end":{"line":10,"column":44}},"3":{"start":{"line":11,"column":21},"end":{"line":11,"column":58}},"4":{"start":{"line":13,"column":2},"end":{"line":13,"column":76}},"5":{"start":{"line":16,"column":0},"end":{"line":18,"column":2}}},"fnMap":{"0":{"name":"publishZipRequest","decl":{"start":{"line":9,"column":9},"end":{"line":9,"column":26}},"loc":{"start":{"line":9,"column":33},"end":{"line":14,"column":1}},"line":9}},"branchMap":{},"s":{"0":1,"1":1,"2":2,"3":2,"4":2,"5":1},"f":{"0":2},"b":{},"_coverageSchema":"1a1c01bbd47fc00a2c39e90264f33305004495a9","hash":"fa49ced703b4262472d0a99172c3a8a76b40d96c"}
,"/Users/pierrelouisrousseaux/Developer/Gobelins/lead_tech/app/rate_limiter.js": {"path":"/Users/pierrelouisrousseaux/Developer/Gobelins/lead_tech/app/rate_limiter.js","statementMap":{"0":{"start":{"line":11,"column":20},"end":{"line":11,"column":21}},"1":{"start":{"line":12,"column":20},"end":{"line":12,"column":22}},"2":{"start":{"line":13,"column":21},"end":{"line":13,"column":22}},"3":{"start":{"line":19,"column":16},"end":{"line":19,"column":25}},"4":{"start":{"line":23,"column":2},"end":{"line":23,"column":76}},"5":{"start":{"line":30,"column":2},"end":{"line":32,"column":3}},"6":{"start":{"line":31,"column":4},"end":{"line":31,"column":21}},"7":{"start":{"line":34,"column":16},"end":{"line":34,"column":31}},"8":{"start":{"line":37,"column":2},"end":{"line":40,"column":3}},"9":{"start":{"line":38,"column":4},"end":{"line":38,"column":76}},"10":{"start":{"line":39,"column":4},"end":{"line":39,"column":16}},"11":{"start":{"line":43,"column":2},"end":{"line":46,"column":3}},"12":{"start":{"line":44,"column":4},"end":{"line":44,"column":33}},"13":{"start":{"line":45,"column":4},"end":{"line":45,"column":16}},"14":{"start":{"line":49,"column":21},"end":{"line":49,"column":63}},"15":{"start":{"line":50,"column":19},"end":{"line":53,"column":3}},"16":{"start":{"line":55,"column":2},"end":{"line":59,"column":3}},"17":{"start":{"line":56,"column":4},"end":{"line":56,"column":43}},"18":{"start":{"line":57,"column":4},"end":{"line":57,"column":26}},"19":{"start":{"line":58,"column":4},"end":{"line":58,"column":16}},"20":{"start":{"line":62,"column":2},"end":{"line":62,"column":15}},"21":{"start":{"line":65,"column":0},"end":{"line":73,"column":2}}},"fnMap":{"0":{"name":"getClientIp","decl":{"start":{"line":22,"column":9},"end":{"line":22,"column":20}},"loc":{"start":{"line":22,"column":26},"end":{"line":24,"column":1}},"line":22},"1":{"name":"consume","decl":{"start":{"line":29,"column":9},"end":{"line":29,"column":16}},"loc":{"start":{"line":29,"column":26},"end":{"line":63,"column":1}},"line":29}},"branchMap":{"0":{"loc":{"start":{"line":23,"column":9},"end":{"line":23,"column":75}},"type":"binary-expr","locations":[{"start":{"line":23,"column":9},"end":{"line":23,"column":39}},{"start":{"line":23,"column":43},"end":{"line":23,"column":67}},{"start":{"line":23,"column":71},"end":{"line":23,"column":75}}],"line":23},"1":{"loc":{"start":{"line":30,"column":2},"end":{"line":32,"column":3}},"type":"if","locations":[{"start":{"line":30,"column":2},"end":{"line":32,"column":3}},{"start":{},"end":{}}],"line":30},"2":{"loc":{"start":{"line":37,"column":2},"end":{"line":40,"column":3}},"type":"if","locations":[{"start":{"line":37,"column":2},"end":{"line":40,"column":3}},{"start":{},"end":{}}],"line":37},"3":{"loc":{"start":{"line":43,"column":2},"end":{"line":46,"column":3}},"type":"if","locations":[{"start":{"line":43,"column":2},"end":{"line":46,"column":3}},{"start":{},"end":{}}],"line":43},"4":{"loc":{"start":{"line":55,"column":2},"end":{"line":59,"column":3}},"type":"if","locations":[{"start":{"line":55,"column":2},"end":{"line":59,"column":3}},{"start":{},"end":{}}],"line":55}},"s":{"0":1,"1":1,"2":1,"3":1,"4":3,"5":25,"6":1,"7":25,"8":25,"9":6,"10":6,"11":19,"12":13,"13":13,"14":6,"15":6,"16":6,"17":2,"18":2,"19":2,"20":4,"21":1},"f":{"0":3,"1":25},"b":{"0":[3,2,1],"1":[1,24],"2":[6,19],"3":[13,6],"4":[2,4]},"_coverageSchema":"1a1c01bbd47fc00a2c39e90264f33305004495a9","hash":"35f218894179eb53f134acf116008318dfcdcb38"}
,"/Users/pierrelouisrousseaux/Developer/Gobelins/lead_tech/app/route.js": {"path":"/Users/pierrelouisrousseaux/Developer/Gobelins/lead_tech/app/route.js","statementMap":{"0":{"start":{"line":1,"column":22},"end":{"line":1,"column":49}},"1":{"start":{"line":2,"column":19},"end":{"line":2,"column":43}},"2":{"start":{"line":3,"column":22},"end":{"line":3,"column":49}},"3":{"start":{"line":4,"column":15},"end":{"line":4,"column":35}},"4":{"start":{"line":5,"column":20},"end":{"line":5,"column":45}},"5":{"start":{"line":8,"column":2},"end":{"line":55,"column":5}},"6":{"start":{"line":9,"column":17},"end":{"line":9,"column":31}},"7":{"start":{"line":10,"column":20},"end":{"line":10,"column":37}},"8":{"start":{"line":12,"column":30},"end":{"line":19,"column":5}},"9":{"start":{"line":22,"column":4},"end":{"line":24,"column":5}},"10":{"start":{"line":23,"column":6},"end":{"line":23,"column":52}},"11":{"start":{"line":27,"column":4},"end":{"line":30,"column":5}},"12":{"start":{"line":28,"column":6},"end":{"line":28,"column":49}},"13":{"start":{"line":29,"column":6},"end":{"line":29,"column":52}},"14":{"start":{"line":33,"column":4},"end":{"line":54,"column":9}},"15":{"start":{"line":36,"column":8},"end":{"line":36,"column":42}},"16":{"start":{"line":37,"column":8},"end":{"line":37,"column":47}},"17":{"start":{"line":41,"column":26},"end":{"line":41,"column":52}},"18":{"start":{"line":42,"column":8},"end":{"line":44,"column":9}},"19":{"start":{"line":43,"column":10},"end":{"line":43,"column":56}},"20":{"start":{"line":46,"column":8},"end":{"line":49,"column":11}},"21":{"start":{"line":47,"column":10},"end":{"line":47,"column":49}},"22":{"start":{"line":48,"column":10},"end":{"line":48,"column":56}},"23":{"start":{"line":52,"column":8},"end":{"line":52,"column":87}},"24":{"start":{"line":53,"column":8},"end":{"line":53,"column":47}},"25":{"start":{"line":57,"column":2},"end":{"line":86,"column":5}},"26":{"start":{"line":58,"column":17},"end":{"line":58,"column":31}},"27":{"start":{"line":60,"column":4},"end":{"line":62,"column":5}},"28":{"start":{"line":61,"column":6},"end":{"line":61,"column":79}},"29":{"start":{"line":66,"column":15},"end":{"line":66,"column":43}},"30":{"start":{"line":67,"column":4},"end":{"line":73,"column":5}},"31":{"start":{"line":68,"column":6},"end":{"line":71,"column":8}},"32":{"start":{"line":72,"column":6},"end":{"line":72,"column":77}},"33":{"start":{"line":78,"column":4},"end":{"line":85,"column":9}},"34":{"start":{"line":81,"column":8},"end":{"line":81,"column":88}},"35":{"start":{"line":84,"column":8},"end":{"line":84,"column":62}},"36":{"start":{"line":89,"column":0},"end":{"line":89,"column":23}}},"fnMap":{"0":{"name":"route","decl":{"start":{"line":7,"column":9},"end":{"line":7,"column":14}},"loc":{"start":{"line":7,"column":20},"end":{"line":87,"column":1}},"line":7},"1":{"name":"(anonymous_1)","decl":{"start":{"line":8,"column":15},"end":{"line":8,"column":16}},"loc":{"start":{"line":8,"column":29},"end":{"line":55,"column":3}},"line":8},"2":{"name":"(anonymous_2)","decl":{"start":{"line":35,"column":12},"end":{"line":35,"column":13}},"loc":{"start":{"line":35,"column":22},"end":{"line":50,"column":7}},"line":35},"3":{"name":"(anonymous_3)","decl":{"start":{"line":46,"column":51},"end":{"line":46,"column":52}},"loc":{"start":{"line":46,"column":58},"end":{"line":49,"column":9}},"line":46},"4":{"name":"(anonymous_4)","decl":{"start":{"line":51,"column":13},"end":{"line":51,"column":14}},"loc":{"start":{"line":51,"column":22},"end":{"line":54,"column":7}},"line":51},"5":{"name":"(anonymous_5)","decl":{"start":{"line":57,"column":19},"end":{"line":57,"column":20}},"loc":{"start":{"line":57,"column":33},"end":{"line":86,"column":3}},"line":57},"6":{"name":"(anonymous_6)","decl":{"start":{"line":80,"column":12},"end":{"line":80,"column":13}},"loc":{"start":{"line":80,"column":18},"end":{"line":82,"column":7}},"line":80},"7":{"name":"(anonymous_7)","decl":{"start":{"line":83,"column":13},"end":{"line":83,"column":14}},"loc":{"start":{"line":83,"column":22},"end":{"line":85,"column":7}},"line":83}},"branchMap":{"0":{"loc":{"start":{"line":13,"column":21},"end":{"line":13,"column":31}},"type":"binary-expr","locations":[{"start":{"line":13,"column":21},"end":{"line":13,"column":25}},{"start":{"line":13,"column":29},"end":{"line":13,"column":31}}],"line":13},"1":{"loc":{"start":{"line":14,"column":24},"end":{"line":14,"column":37}},"type":"binary-expr","locations":[{"start":{"line":14,"column":24},"end":{"line":14,"column":31}},{"start":{"line":14,"column":35},"end":{"line":14,"column":37}}],"line":14},"2":{"loc":{"start":{"line":22,"column":4},"end":{"line":24,"column":5}},"type":"if","locations":[{"start":{"line":22,"column":4},"end":{"line":24,"column":5}},{"start":{},"end":{}}],"line":22},"3":{"loc":{"start":{"line":22,"column":8},"end":{"line":22,"column":25}},"type":"binary-expr","locations":[{"start":{"line":22,"column":8},"end":{"line":22,"column":13}},{"start":{"line":22,"column":17},"end":{"line":22,"column":25}}],"line":22},"4":{"loc":{"start":{"line":27,"column":4},"end":{"line":30,"column":5}},"type":"if","locations":[{"start":{"line":27,"column":4},"end":{"line":30,"column":5}},{"start":{},"end":{}}],"line":27},"5":{"loc":{"start":{"line":42,"column":8},"end":{"line":44,"column":9}},"type":"if","locations":[{"start":{"line":42,"column":8},"end":{"line":44,"column":9}},{"start":{},"end":{}}],"line":42},"6":{"loc":{"start":{"line":60,"column":4},"end":{"line":62,"column":5}},"type":"if","locations":[{"start":{"line":60,"column":4},"end":{"line":62,"column":5}},{"start":{},"end":{}}],"line":60},"7":{"loc":{"start":{"line":67,"column":4},"end":{"line":73,"column":5}},"type":"if","locations":[{"start":{"line":67,"column":4},"end":{"line":73,"column":5}},{"start":{},"end":{}}],"line":67}},"s":{"0":1,"1":1,"2":1,"3":1,"4":1,"5":1,"6":5,"7":5,"8":5,"9":5,"10":1,"11":4,"12":1,"13":1,"14":3,"15":2,"16":2,"17":2,"18":2,"19":1,"20":1,"21":1,"22":1,"23":1,"24":1,"25":1,"26":4,"27":4,"28":1,"29":3,"30":3,"31":1,"32":1,"33":2,"34":1,"35":1,"36":1},"f":{"0":1,"1":5,"2":2,"3":1,"4":1,"5":4,"6":1,"7":1},"b":{"0":[5,1],"1":[5,1],"2":[1,4],"3":[5,1],"4":[1,3],"5":[1,1],"6":[1,3],"7":[1,2]},"_coverageSchema":"1a1c01bbd47fc00a2c39e90264f33305004495a9","hash":"9abb16e872bbabad307898a4293784a4581c92ea"}
,"/Users/pierrelouisrousseaux/Developer/Gobelins/lead_tech/app/server.js": {"path":"/Users/pierrelouisrousseaux/Developer/Gobelins/lead_tech/app/server.js","statementMap":{"0":{"start":{"line":1,"column":0},"end":{"line":1,"column":27}},"1":{"start":{"line":3,"column":16},"end":{"line":3,"column":34}},"2":{"start":{"line":4,"column":16},"end":{"line":4,"column":40}},"3":{"start":{"line":5,"column":13},"end":{"line":5,"column":28}},"4":{"start":{"line":7,"column":12},"end":{"line":7,"column":21}},"5":{"start":{"line":10,"column":0},"end":{"line":10,"column":56}},"6":{"start":{"line":11,"column":0},"end":{"line":11,"column":71}},"7":{"start":{"line":12,"column":0},"end":{"line":12,"column":77}},"8":{"start":{"line":15,"column":0},"end":{"line":15,"column":46}},"9":{"start":{"line":16,"column":0},"end":{"line":16,"column":48}},"10":{"start":{"line":17,"column":0},"end":{"line":17,"column":31}},"11":{"start":{"line":20,"column":0},"end":{"line":20,"column":24}},"12":{"start":{"line":24,"column":0},"end":{"line":24,"column":28}},"13":{"start":{"line":27,"column":13},"end":{"line":27,"column":37}},"14":{"start":{"line":28,"column":0},"end":{"line":28,"column":30}},"15":{"start":{"line":29,"column":0},"end":{"line":29,"column":62}},"16":{"start":{"line":31,"column":0},"end":{"line":31,"column":21}}},"fnMap":{},"branchMap":{"0":{"loc":{"start":{"line":27,"column":13},"end":{"line":27,"column":37}},"type":"binary-expr","locations":[{"start":{"line":27,"column":13},"end":{"line":27,"column":29}},{"start":{"line":27,"column":33},"end":{"line":27,"column":37}}],"line":27}},"s":{"0":1,"1":1,"2":1,"3":1,"4":1,"5":1,"6":1,"7":1,"8":1,"9":1,"10":1,"11":1,"12":1,"13":1,"14":1,"15":1,"16":1},"f":{},"b":{"0":[1,0]},"_coverageSchema":"1a1c01bbd47fc00a2c39e90264f33305004495a9","hash":"c459bf5f799cea3ea4894280c6602afdca00d3c8"}
,"/Users/pierrelouisrousseaux/Developer/Gobelins/lead_tech/app/zip_job.js": {"path":"/Users/pierrelouisrousseaux/Developer/Gobelins/lead_tech/app/zip_job.js","statementMap":{"0":{"start":{"line":1,"column":15},"end":{"line":1,"column":32}},"1":{"start":{"line":2,"column":14},"end":{"line":2,"column":30}},"2":{"start":{"line":3,"column":17},"end":{"line":3,"column":36}},"3":{"start":{"line":4,"column":20},"end":{"line":4,"column":52}},"4":{"start":{"line":6,"column":19},"end":{"line":6,"column":43}},"5":{"start":{"line":7,"column":19},"end":{"line":7,"column":43}},"6":{"start":{"line":10,"column":16},"end":{"line":10,"column":29}},"7":{"start":{"line":12,"column":19},"end":{"line":12,"column":62}},"8":{"start":{"line":16,"column":22},"end":{"line":16,"column":24}},"9":{"start":{"line":20,"column":2},"end":{"line":43,"column":5}},"10":{"start":{"line":21,"column":4},"end":{"line":42,"column":27}},"11":{"start":{"line":23,"column":23},"end":{"line":23,"column":42}},"12":{"start":{"line":26,"column":8},"end":{"line":30,"column":9}},"13":{"start":{"line":27,"column":10},"end":{"line":27,"column":28}},"14":{"start":{"line":28,"column":10},"end":{"line":28,"column":60}},"15":{"start":{"line":29,"column":10},"end":{"line":29,"column":17}},"16":{"start":{"line":32,"column":8},"end":{"line":36,"column":9}},"17":{"start":{"line":33,"column":10},"end":{"line":33,"column":28}},"18":{"start":{"line":34,"column":10},"end":{"line":34,"column":62}},"19":{"start":{"line":35,"column":10},"end":{"line":35,"column":17}},"20":{"start":{"line":38,"column":23},"end":{"line":38,"column":25}},"21":{"start":{"line":39,"column":8},"end":{"line":39,"column":57}},"22":{"start":{"line":39,"column":37},"end":{"line":39,"column":55}},"23":{"start":{"line":40,"column":8},"end":{"line":40,"column":65}},"24":{"start":{"line":40,"column":33},"end":{"line":40,"column":63}},"25":{"start":{"line":48,"column":2},"end":{"line":59,"column":5}},"26":{"start":{"line":49,"column":20},"end":{"line":49,"column":59}},"27":{"start":{"line":50,"column":19},"end":{"line":50,"column":21}},"28":{"start":{"line":52,"column":4},"end":{"line":52,"column":52}},"29":{"start":{"line":52,"column":32},"end":{"line":52,"column":50}},"30":{"start":{"line":53,"column":4},"end":{"line":53,"column":34}},"31":{"start":{"line":54,"column":4},"end":{"line":54,"column":32}},"32":{"start":{"line":55,"column":4},"end":{"line":55,"column":60}},"33":{"start":{"line":55,"column":28},"end":{"line":55,"column":58}},"34":{"start":{"line":57,"column":4},"end":{"line":57,"column":76}},"35":{"start":{"line":57,"column":26},"end":{"line":57,"column":74}},"36":{"start":{"line":58,"column":4},"end":{"line":58,"column":23}},"37":{"start":{"line":65,"column":15},"end":{"line":65,"column":58}},"38":{"start":{"line":66,"column":17},"end":{"line":72,"column":4}},"39":{"start":{"line":74,"column":2},"end":{"line":78,"column":5}},"40":{"start":{"line":75,"column":4},"end":{"line":75,"column":43}},"41":{"start":{"line":75,"column":30},"end":{"line":75,"column":41}},"42":{"start":{"line":76,"column":4},"end":{"line":76,"column":45}},"43":{"start":{"line":76,"column":30},"end":{"line":76,"column":43}},"44":{"start":{"line":77,"column":4},"end":{"line":77,"column":26}},"45":{"start":{"line":83,"column":2},"end":{"line":83,"column":64}},"46":{"start":{"line":85,"column":2},"end":{"line":116,"column":7}},"47":{"start":{"line":88,"column":23},"end":{"line":88,"column":42}},"48":{"start":{"line":89,"column":6},"end":{"line":89,"column":96}},"49":{"start":{"line":90,"column":6},"end":{"line":97,"column":8}},"50":{"start":{"line":92,"column":10},"end":{"line":95,"column":13}},"51":{"start":{"line":92,"column":55},"end":{"line":95,"column":11}},"52":{"start":{"line":101,"column":25},"end":{"line":101,"column":63}},"53":{"start":{"line":102,"column":6},"end":{"line":102,"column":119}},"54":{"start":{"line":103,"column":6},"end":{"line":103,"column":69}},"55":{"start":{"line":103,"column":57},"end":{"line":103,"column":67}},"56":{"start":{"line":106,"column":6},"end":{"line":106,"column":39}},"57":{"start":{"line":109,"column":6},"end":{"line":111,"column":32}},"58":{"start":{"line":110,"column":29},"end":{"line":110,"column":78}},"59":{"start":{"line":111,"column":20},"end":{"line":111,"column":30}},"60":{"start":{"line":114,"column":6},"end":{"line":114,"column":97}},"61":{"start":{"line":115,"column":6},"end":{"line":115,"column":24}},"62":{"start":{"line":122,"column":18},"end":{"line":125,"column":3}},"63":{"start":{"line":127,"column":2},"end":{"line":131,"column":27}},"64":{"start":{"line":131,"column":18},"end":{"line":131,"column":25}},"65":{"start":{"line":134,"column":0},"end":{"line":142,"column":2}}},"fnMap":{"0":{"name":"downloadImage","decl":{"start":{"line":19,"column":9},"end":{"line":19,"column":22}},"loc":{"start":{"line":19,"column":28},"end":{"line":44,"column":1}},"line":19},"1":{"name":"(anonymous_1)","decl":{"start":{"line":20,"column":21},"end":{"line":20,"column":22}},"loc":{"start":{"line":20,"column":42},"end":{"line":43,"column":3}},"line":20},"2":{"name":"(anonymous_2)","decl":{"start":{"line":22,"column":16},"end":{"line":22,"column":17}},"loc":{"start":{"line":22,"column":28},"end":{"line":41,"column":7}},"line":22},"3":{"name":"(anonymous_3)","decl":{"start":{"line":39,"column":28},"end":{"line":39,"column":29}},"loc":{"start":{"line":39,"column":37},"end":{"line":39,"column":55}},"line":39},"4":{"name":"(anonymous_4)","decl":{"start":{"line":40,"column":27},"end":{"line":40,"column":28}},"loc":{"start":{"line":40,"column":33},"end":{"line":40,"column":63}},"line":40},"5":{"name":"buildZip","decl":{"start":{"line":47,"column":9},"end":{"line":47,"column":17}},"loc":{"start":{"line":47,"column":25},"end":{"line":60,"column":1}},"line":47},"6":{"name":"(anonymous_6)","decl":{"start":{"line":48,"column":21},"end":{"line":48,"column":22}},"loc":{"start":{"line":48,"column":42},"end":{"line":59,"column":3}},"line":48},"7":{"name":"(anonymous_7)","decl":{"start":{"line":52,"column":23},"end":{"line":52,"column":24}},"loc":{"start":{"line":52,"column":32},"end":{"line":52,"column":50}},"line":52},"8":{"name":"(anonymous_8)","decl":{"start":{"line":55,"column":22},"end":{"line":55,"column":23}},"loc":{"start":{"line":55,"column":28},"end":{"line":55,"column":58}},"line":55},"9":{"name":"(anonymous_9)","decl":{"start":{"line":57,"column":18},"end":{"line":57,"column":19}},"loc":{"start":{"line":57,"column":26},"end":{"line":57,"column":74}},"line":57},"10":{"name":"uploadZip","decl":{"start":{"line":64,"column":9},"end":{"line":64,"column":18}},"loc":{"start":{"line":64,"column":42},"end":{"line":79,"column":1}},"line":64},"11":{"name":"(anonymous_11)","decl":{"start":{"line":74,"column":21},"end":{"line":74,"column":22}},"loc":{"start":{"line":74,"column":42},"end":{"line":78,"column":3}},"line":74},"12":{"name":"(anonymous_12)","decl":{"start":{"line":75,"column":23},"end":{"line":75,"column":24}},"loc":{"start":{"line":75,"column":30},"end":{"line":75,"column":41}},"line":75},"13":{"name":"(anonymous_13)","decl":{"start":{"line":76,"column":24},"end":{"line":76,"column":25}},"loc":{"start":{"line":76,"column":30},"end":{"line":76,"column":43}},"line":76},"14":{"name":"processZipRequest","decl":{"start":{"line":82,"column":9},"end":{"line":82,"column":26}},"loc":{"start":{"line":82,"column":33},"end":{"line":117,"column":1}},"line":82},"15":{"name":"(anonymous_15)","decl":{"start":{"line":87,"column":10},"end":{"line":87,"column":11}},"loc":{"start":{"line":87,"column":20},"end":{"line":98,"column":5}},"line":87},"16":{"name":"(anonymous_16)","decl":{"start":{"line":91,"column":21},"end":{"line":91,"column":22}},"loc":{"start":{"line":92,"column":10},"end":{"line":95,"column":13}},"line":92},"17":{"name":"(anonymous_17)","decl":{"start":{"line":92,"column":44},"end":{"line":92,"column":45}},"loc":{"start":{"line":92,"column":55},"end":{"line":95,"column":11}},"line":92},"18":{"name":"(anonymous_18)","decl":{"start":{"line":100,"column":10},"end":{"line":100,"column":11}},"loc":{"start":{"line":100,"column":23},"end":{"line":104,"column":5}},"line":100},"19":{"name":"(anonymous_19)","decl":{"start":{"line":103,"column":51},"end":{"line":103,"column":52}},"loc":{"start":{"line":103,"column":57},"end":{"line":103,"column":67}},"line":103},"20":{"name":"(anonymous_20)","decl":{"start":{"line":105,"column":10},"end":{"line":105,"column":11}},"loc":{"start":{"line":105,"column":24},"end":{"line":112,"column":5}},"line":105},"21":{"name":"(anonymous_21)","decl":{"start":{"line":110,"column":14},"end":{"line":110,"column":15}},"loc":{"start":{"line":110,"column":29},"end":{"line":110,"column":78}},"line":110},"22":{"name":"(anonymous_22)","decl":{"start":{"line":111,"column":14},"end":{"line":111,"column":15}},"loc":{"start":{"line":111,"column":20},"end":{"line":111,"column":30}},"line":111},"23":{"name":"(anonymous_23)","decl":{"start":{"line":113,"column":10},"end":{"line":113,"column":11}},"loc":{"start":{"line":113,"column":24},"end":{"line":116,"column":5}},"line":113},"24":{"name":"getSignedUrl","decl":{"start":{"line":121,"column":9},"end":{"line":121,"column":21}},"loc":{"start":{"line":121,"column":34},"end":{"line":132,"column":1}},"line":121},"25":{"name":"(anonymous_25)","decl":{"start":{"line":131,"column":10},"end":{"line":131,"column":11}},"loc":{"start":{"line":131,"column":18},"end":{"line":131,"column":25}},"line":131}},"branchMap":{"0":{"loc":{"start":{"line":12,"column":19},"end":{"line":12,"column":62}},"type":"binary-expr","locations":[{"start":{"line":12,"column":19},"end":{"line":12,"column":41}},{"start":{"line":12,"column":45},"end":{"line":12,"column":62}}],"line":12},"1":{"loc":{"start":{"line":26,"column":8},"end":{"line":30,"column":9}},"type":"if","locations":[{"start":{"line":26,"column":8},"end":{"line":30,"column":9}},{"start":{},"end":{}}],"line":26},"2":{"loc":{"start":{"line":26,"column":12},"end":{"line":26,"column":44}},"type":"binary-expr","locations":[{"start":{"line":26,"column":12},"end":{"line":26,"column":26}},{"start":{"line":26,"column":30},"end":{"line":26,"column":44}}],"line":26},"3":{"loc":{"start":{"line":32,"column":8},"end":{"line":36,"column":9}},"type":"if","locations":[{"start":{"line":32,"column":8},"end":{"line":36,"column":9}},{"start":{},"end":{}}],"line":32}},"s":{"0":1,"1":1,"2":1,"3":1,"4":1,"5":1,"6":1,"7":1,"8":1,"9":15,"10":15,"11":14,"12":14,"13":1,"14":1,"15":1,"16":13,"17":1,"18":1,"19":1,"20":12,"21":12,"22":12,"23":12,"24":12,"25":4,"26":4,"27":4,"28":4,"29":2,"30":4,"31":4,"32":4,"33":2,"34":4,"35":11,"36":4,"37":3,"38":3,"39":3,"40":3,"41":1,"42":3,"43":2,"44":3,"45":1,"46":1,"47":1,"48":1,"49":1,"50":10,"51":10,"52":1,"53":1,"54":1,"55":1,"56":1,"57":1,"58":1,"59":1,"60":1,"61":1,"62":2,"63":2,"64":2,"65":1},"f":{"0":15,"1":15,"2":14,"3":12,"4":12,"5":4,"6":4,"7":2,"8":2,"9":11,"10":3,"11":3,"12":1,"13":2,"14":1,"15":1,"16":10,"17":10,"18":1,"19":1,"20":1,"21":1,"22":1,"23":1,"24":2,"25":2},"b":{"0":[1,1],"1":[1,13],"2":[14,14],"3":[1,12]},"_coverageSchema":"1a1c01bbd47fc00a2c39e90264f33305004495a9","hash":"28de68af6bd2d54c3970f98301390a15f79218ba"}
}
