TN:
SF:app/firebase_db.js
FN:16,safeKey
FN:23,saveJob
FN:37,(anonymous_2)
FN:42,listJobs
FN:46,(anonymous_4)
FN:50,(anonymous_5)
FN:52,(anonymous_6)
FN:66,(anonymous_7)
FNF:8
FNH:8
FNDA:4,safeKey
FNDA:2,saveJob
FNDA:2,(anonymous_2)
FNDA:3,listJobs
FNDA:3,(anonymous_4)
FNDA:4,(anonymous_5)
FNDA:6,(anonymous_6)
FNDA:4,(anonymous_7)
DA:1,5
DA:2,5
DA:5,5
DA:6,5
DA:7,5
DA:11,5
DA:17,4
DA:24,2
DA:25,2
DA:26,2
DA:28,2
DA:37,2
DA:43,3
DA:47,3
DA:48,3
DA:50,3
DA:51,4
DA:52,4
DA:53,6
DA:54,6
DA:55,5
DA:66,4
DA:70,5
LF:23
LH:23
BRDA:5,0,0,5
BRDA:5,0,1,4
BRDA:6,1,0,5
BRDA:6,1,1,3
BRDA:7,2,0,5
BRDA:7,2,1,4
BRDA:11,3,0,1
BRDA:11,3,1,4
BRDA:47,4,0,3
BRDA:47,4,1,1
BRDA:51,5,0,4
BRDA:51,5,1,1
BRDA:54,6,0,5
BRDA:54,6,1,1
BRDA:66,7,0,4
BRDA:66,7,1,3
BRDA:66,8,0,4
BRDA:66,8,1,1
BRF:18
BRH:18
end_of_record
TN:
SF:app/form_validator.js
FN:1,isValidCommaDelimitedList
FN:7,isValidTagmode
FN:11,hasValidFlickrAPIParams
FNF:3
FNH:3
FNDA:11,isValidCommaDelimitedList
FNDA:8,isValidTagmode
FNDA:7,hasValidFlickrAPIParams
DA:3,11
DA:4,11
DA:8,8
DA:12,7
DA:15,2
LF:5
LH:5
BRDA:8,0,0,8
BRDA:8,0,1,3
BRDA:12,1,0,7
BRDA:12,1,1,5
BRF:4
BRH:4
end_of_record
TN:
SF:app/jsonp_helper.js
FN:1,parseJSONP
FNF:1
FNH:1
FNDA:5,parseJSONP
DA:2,5
DA:3,5
DA:4,5
DA:5,5
DA:8,5
DA:10,5
DA:12,2
DA:13,2
DA:17,4
LF:9
LH:9
BRF:0
BRH:0
end_of_record
TN:
SF:app/mcp_endpoint.js
FN:17,verifyBearer
FN:35,mountMcpEndpoint
FN:37,(anonymous_2)
FN:56,(anonymous_3)
FN:62,(anonymous_4)
FN:63,(anonymous_5)
FNF:6
FNH:6
FNDA:21,verifyBearer
FNDA:3,mountMcpEndpoint
FNDA:21,(anonymous_2)
FNDA:15,(anonymous_3)
FNDA:14,(anonymous_4)
FNDA:1,(anonymous_5)
DA:1,3
DA:2,3
DA:3,3
DA:4,3
DA:12,3
DA:18,21
DA:19,21
DA:20,2
DA:22,19
DA:23,19
DA:28,4
DA:33,3
DA:37,3
DA:39,21
DA:40,6
DA:41,6
DA:51,15
DA:56,15
DA:57,15
DA:60,15
DA:62,14
DA:64,1
DA:66,1
DA:67,1
DA:77,3
DA:78,3
LF:26
LH:26
BRDA:18,0,0,21
BRDA:18,0,1,1
BRDA:19,1,0,2
BRDA:19,1,1,19
BRDA:39,2,0,6
BRDA:39,2,1,15
BRDA:66,3,0,1
BRF:7
BRH:7
end_of_record
TN:
SF:app/mcp_server.js
FN:17,jsonResult
FN:21,textResult
FN:25,registerTools
FN:33,(anonymous_3)
FN:57,(anonymous_4)
FN:59,(anonymous_5)
FN:60,(anonymous_6)
FN:81,(anonymous_7)
FN:82,(anonymous_8)
FN:83,(anonymous_9)
FN:111,(anonymous_10)
FN:112,(anonymous_11)
FN:114,(anonymous_12)
FN:121,(anonymous_13)
FN:136,createMcpServer
FNF:15
FNH:15
FNDA:7,jsonResult
FNDA:2,textResult
FNDA:2,registerTools
FNDA:2,(anonymous_3)
FNDA:3,(anonymous_4)
FNDA:3,(anonymous_5)
FNDA:2,(anonymous_6)
FNDA:3,(anonymous_7)
FNDA:3,(anonymous_8)
FNDA:3,(anonymous_9)
FNDA:3,(anonymous_10)
FNDA:3,(anonymous_11)
FNDA:3,(anonymous_12)
FNDA:1,(anonymous_13)
FNDA:2,createMcpServer
DA:9,2
DA:10,2
DA:12,2
DA:13,2
DA:14,2
DA:18,7
DA:22,2
DA:26,2
DA:34,2
DA:35,2
DA:39,2
DA:58,3
DA:59,3
DA:60,3
DA:69,3
DA:74,2
DA:82,3
DA:83,3
DA:92,3
DA:97,2
DA:112,3
DA:114,3
DA:115,3
DA:116,2
DA:121,1
DA:122,1
DA:137,2
DA:138,2
DA:139,2
DA:142,2
LF:30
LH:30
BRDA:34,0,0,1
BRDA:34,0,1,1
BRDA:34,1,0,2
BRDA:34,1,1,2
BRDA:58,2,0,3
BRDA:58,2,1,2
BRDA:63,3,0,2
BRDA:63,3,1,1
BRDA:64,4,0,2
BRDA:64,4,1,1
BRDA:88,5,0,2
BRDA:88,5,1,1
BRDA:115,6,0,2
BRDA:115,6,1,1
BRDA:115,7,0,3
BRDA:115,7,1,2
BRF:16
BRH:16
end_of_record
TN:
SF:app/photo_model.js
FN:5,getFlickrPhotos
FN:10,(anonymous_1)
FN:13,(anonymous_2)
FNF:3
FNH:3
FNDA:3,getFlickrPhotos
FNDA:2,(anonymous_1)
FNDA:2,(anonymous_2)
DA:1,3
DA:2,3
DA:3,3
DA:6,3
DA:8,3
DA:10,3
DA:11,2
DA:13,1
DA:14,2
DA:15,2
DA:18,1
DA:22,3
LF:12
LH:12
BRF:0
BRH:0
end_of_record
TN:
SF:app/queue_consumer.js
FN:11,handleMessage
FN:26,(anonymous_1)
FN:30,(anonymous_2)
FN:38,startConsumer
FN:43,(anonymous_4)
FNF:5
FNH:5
FNDA:3,handleMessage
FNDA:1,(anonymous_1)
FNDA:1,(anonymous_2)
FNDA:2,startConsumer
FNDA:1,(anonymous_4)
DA:1,3
DA:3,3
DA:7,3
DA:14,3
DA:15,3
DA:17,1
DA:18,1
DA:19,1
DA:22,2
DA:24,2
DA:27,1
DA:28,1
DA:31,1
DA:32,1
DA:39,2
DA:40,2
DA:42,2
DA:43,2
DA:44,1
DA:47,2
DA:48,2
DA:52,3
DA:53,1
DA:56,3
LF:24
LH:24
BRDA:52,0,0,1
BRDA:52,0,1,2
BRF:2
BRH:2
end_of_record
TN:
SF:app/queue_producer.js
FN:9,publishZipRequest
FNF:1
FNH:1
FNDA:2,publishZipRequest
DA:1,1
DA:5,1
DA:10,2
DA:11,2
DA:13,2
DA:16,1
LF:6
LH:6
BRF:0
BRH:0
end_of_record
TN:
SF:app/rate_limit_store.js
FN:23,memoryConsume
FN:34,memoryReset
FN:91,getClient
FN:102,(anonymous_3)
FN:109,connect
FN:116,(anonymous_5)
FN:121,(anonymous_6)
FN:130,redisConsume
FN:132,(anonymous_8)
FN:144,(anonymous_9)
FN:148,(anonymous_10)
FNF:11
FNH:11
FNDA:8,memoryConsume
FNDA:1,memoryReset
FNDA:16,getClient
FNDA:1,(anonymous_3)
FNDA:10,connect
FNDA:7,(anonymous_5)
FNDA:1,(anonymous_6)
FNDA:9,redisConsume
FNDA:8,(anonymous_8)
FNDA:7,(anonymous_9)
FNDA:2,(anonymous_10)
DA:12,10
DA:14,10
DA:15,10
DA:21,10
DA:24,8
DA:25,8
DA:26,7
DA:28,8
DA:35,1
DA:46,10
DA:88,10
DA:89,10
DA:92,16
DA:93,7
DA:94,7
DA:102,7
DA:103,1
DA:106,16
DA:110,10
DA:111,1
DA:113,9
DA:114,8
DA:117,7
DA:122,1
DA:123,1
DA:124,1
DA:127,9
DA:131,9
DA:133,8
DA:144,7
DA:151,2
DA:155,2
DA:165,10
LF:33
LH:33
BRDA:24,0,0,8
BRDA:24,0,1,3
BRDA:25,1,0,7
BRDA:25,1,1,1
BRDA:92,2,0,7
BRDA:92,2,1,9
BRDA:95,3,0,7
BRDA:95,3,1,1
BRDA:99,4,0,7
BRDA:99,4,1,1
BRDA:110,5,0,1
BRDA:110,5,1,9
BRDA:113,6,0,8
BRDA:113,6,1,1
BRDA:146,7,0,7
BRDA:146,7,1,6
BRDA:166,8,0,7
BRDA:166,8,1,3
BRDA:167,9,0,7
BRDA:167,9,1,3
BRF:20
BRH:20
end_of_record
TN:
SF:app/rate_limiter.js
FN:22,getClientIp
FN:29,consume
FNF:2
FNH:2
FNDA:3,getClientIp
FNDA:25,consume
DA:11,1
DA:12,1
DA:13,1
DA:19,1
DA:23,3
DA:30,25
DA:31,1
DA:34,25
DA:37,25
DA:38,6
DA:39,6
DA:43,19
DA:44,13
DA:45,13
DA:49,6
DA:50,6
DA:55,6
DA:56,2
DA:57,2
DA:58,2
DA:62,4
DA:65,1
LF:22
LH:22
BRDA:23,0,0,3
BRDA:23,0,1,2
BRDA:23,0,2,1
BRDA:30,1,0,1
BRDA:30,1,1,24
BRDA:37,2,0,6
BRDA:37,2,1,19
BRDA:43,3,0,13
BRDA:43,3,1,6
BRDA:55,4,0,2
BRDA:55,4,1,4
BRF:11
BRH:11
end_of_record
TN:
SF:app/route.js
FN:9,route
FN:13,(anonymous_1)
FN:40,(anonymous_2)
FN:51,(anonymous_3)
FN:56,(anonymous_4)
FN:62,(anonymous_5)
FN:74,(anonymous_6)
FN:85,(anonymous_7)
FN:91,(anonymous_8)
FNF:9
FNH:9
FNDA:1,route
FNDA:5,(anonymous_1)
FNDA:2,(anonymous_2)
FNDA:1,(anonymous_3)
FNDA:1,(anonymous_4)
FNDA:4,(anonymous_5)
FNDA:3,(anonymous_6)
FNDA:1,(anonymous_7)
FNDA:1,(anonymous_8)
DA:1,1
DA:2,1
DA:3,1
DA:4,1
DA:5,1
DA:6,1
DA:7,1
DA:11,1
DA:13,1
DA:14,5
DA:15,5
DA:17,5
DA:27,5
DA:28,1
DA:32,4
DA:33,1
DA:34,1
DA:38,3
DA:41,2
DA:42,2
DA:46,2
DA:47,2
DA:48,1
DA:51,1
DA:52,1
DA:53,1
DA:57,1
DA:58,1
DA:62,1
DA:63,4
DA:65,4
DA:66,1
DA:73,3
DA:74,3
DA:75,3
DA:76,1
DA:77,1
DA:83,2
DA:86,1
DA:92,1
DA:98,1
LF:41
LH:41
BRDA:18,0,0,5
BRDA:18,0,1,1
BRDA:19,1,0,5
BRDA:19,1,1,1
BRDA:27,2,0,1
BRDA:27,2,1,4
BRDA:27,3,0,5
BRDA:27,3,1,1
BRDA:32,4,0,1
BRDA:32,4,1,3
BRDA:47,5,0,1
BRDA:47,5,1,1
BRDA:65,6,0,1
BRDA:65,6,1,3
BRDA:75,7,0,1
BRDA:75,7,1,2
BRF:16
BRH:16
end_of_record
TN:
SF:app/token_bucket.js
FN:25,applyRequest
FN:61,retryAfterSec
FN:67,ttlMs
FNF:3
FNH:3
FNDA:37,applyRequest
FNDA:16,retryAfterSec
FNDA:8,ttlMs
DA:11,11
DA:12,11
DA:13,11
DA:27,37
DA:28,9
DA:35,28
DA:36,21
DA:43,7
DA:44,7
DA:49,7
DA:50,2
DA:57,5
DA:62,16
DA:68,8
DA:71,11
LF:15
LH:15
BRDA:27,0,0,9
BRDA:27,0,1,28
BRDA:35,1,0,21
BRDA:35,1,1,7
BRDA:49,2,0,2
BRDA:49,2,1,5
BRF:6
BRH:6
end_of_record
TN:
SF:app/zip_job.js
FN:19,downloadImage
FN:20,(anonymous_1)
FN:22,(anonymous_2)
FN:39,(anonymous_3)
FN:40,(anonymous_4)
FN:47,buildZip
FN:48,(anonymous_6)
FN:52,(anonymous_7)
FN:55,(anonymous_8)
FN:57,(anonymous_9)
FN:64,uploadZip
FN:74,(anonymous_11)
FN:75,(anonymous_12)
FN:76,(anonymous_13)
FN:82,processZipRequest
FN:87,(anonymous_15)
FN:91,(anonymous_16)
FN:92,(anonymous_17)
FN:100,(anonymous_18)
FN:103,(anonymous_19)
FN:105,(anonymous_20)
FN:110,(anonymous_21)
FN:111,(anonymous_22)
FN:113,(anonymous_23)
FN:121,getSignedUrl
FN:131,(anonymous_25)
FNF:26
FNH:26
FNDA:15,downloadImage
FNDA:15,(anonymous_1)
FNDA:14,(anonymous_2)
FNDA:12,(anonymous_3)
FNDA:12,(anonymous_4)
FNDA:4,buildZip
FNDA:4,(anonymous_6)
FNDA:2,(anonymous_7)
FNDA:2,(anonymous_8)
FNDA:11,(anonymous_9)
FNDA:3,uploadZip
FNDA:3,(anonymous_11)
FNDA:1,(anonymous_12)
FNDA:2,(anonymous_13)
FNDA:1,processZipRequest
FNDA:1,(anonymous_15)
FNDA:10,(anonymous_16)
FNDA:10,(anonymous_17)
FNDA:1,(anonymous_18)
FNDA:1,(anonymous_19)
FNDA:1,(anonymous_20)
FNDA:1,(anonymous_21)
FNDA:1,(anonymous_22)
FNDA:1,(anonymous_23)
FNDA:2,getSignedUrl
FNDA:2,(anonymous_25)
DA:1,1
DA:2,1
DA:3,1
DA:4,1
DA:6,1
DA:7,1
DA:10,1
DA:12,1
DA:16,1
DA:20,15
DA:21,15
DA:23,14
DA:26,14
DA:27,1
DA:28,1
DA:29,1
DA:32,13
DA:33,1
DA:34,1
DA:35,1
DA:38,12
DA:39,12
DA:40,12
DA:48,4
DA:49,4
DA:50,4
DA:52,4
DA:53,4
DA:54,4
DA:55,4
DA:57,11
DA:58,4
DA:65,3
DA:66,3
DA:74,3
DA:75,3
DA:76,3
DA:77,3
DA:83,1
DA:85,1
DA:88,1
DA:89,1
DA:90,1
DA:92,10
DA:101,1
DA:102,1
DA:103,1
DA:106,1
DA:109,1
DA:110,1
DA:111,1
DA:114,1
DA:115,1
DA:122,2
DA:127,2
DA:131,2
DA:134,1
LF:57
LH:57
BRDA:12,0,0,1
BRDA:12,0,1,1
BRDA:26,1,0,1
BRDA:26,1,1,13
BRDA:26,2,0,14
BRDA:26,2,1,14
BRDA:32,3,0,1
BRDA:32,3,1,12
BRF:8
BRH:8
end_of_record
