TN:
SF:app/firebase_db.js
FN:16,safeKey
FN:23,saveJob
FN:37,(anonymous_2)
FNF:3
FNH:3
FNDA:4,safeKey
FNDA:2,saveJob
FNDA:2,(anonymous_2)
DA:1,2
DA:2,2
DA:5,2
DA:6,2
DA:7,2
DA:11,2
DA:17,4
DA:24,2
DA:25,2
DA:26,2
DA:28,2
DA:37,2
DA:40,2
LF:13
LH:13
BRDA:5,0,0,2
BRDA:5,0,1,1
BRDA:6,1,0,2
BRDA:6,1,1,1
BRDA:7,2,0,2
BRDA:7,2,1,1
BRDA:11,3,0,1
BRDA:11,3,1,1
BRF:8
BRH:8
end_of_record
TN:
SF:app/form_validator.js
FN:1,isValidCommaDelimitedList
FN:7,isValidTagmode
FN:11,hasValidFlickrAPIParams
FNF:3
FNH:3
FNDA:11,isValidCommaDelimitedList
FNDA:8,isValidTagmode
FNDA:7,hasValidFlickrAPIParams
DA:3,11
DA:4,11
DA:8,8
DA:12,7
DA:15,2
LF:5
LH:5
BRDA:8,0,0,8
BRDA:8,0,1,3
BRDA:12,1,0,7
BRDA:12,1,1,5
BRF:4
BRH:4
end_of_record
TN:
SF:app/jsonp_helper.js
FN:1,parseJSONP
FNF:1
FNH:1
FNDA:5,parseJSONP
DA:2,5
DA:3,5
DA:4,5
DA:5,5
DA:8,5
DA:10,5
DA:12,2
DA:13,2
DA:17,4
LF:9
LH:9
BRF:0
BRH:0
end_of_record
TN:
SF:app/photo_model.js
FN:5,getFlickrPhotos
FN:10,(anonymous_1)
FN:13,(anonymous_2)
FNF:3
FNH:3
FNDA:3,getFlickrPhotos
FNDA:2,(anonymous_1)
FNDA:2,(anonymous_2)
DA:1,3
DA:2,3
DA:3,3
DA:6,3
DA:8,3
DA:10,3
DA:11,2
DA:13,1
DA:14,2
DA:15,2
DA:18,1
DA:22,3
LF:12
LH:12
BRF:0
BRH:0
end_of_record
TN:
SF:app/queue_consumer.js
FN:11,handleMessage
FN:26,(anonymous_1)
FN:30,(anonymous_2)
FN:38,startConsumer
FN:43,(anonymous_4)
FNF:5
FNH:5
FNDA:3,handleMessage
FNDA:1,(anonymous_1)
FNDA:1,(anonymous_2)
FNDA:2,startConsumer
FNDA:1,(anonymous_4)
DA:1,3
DA:3,3
DA:7,3
DA:14,3
DA:15,3
DA:17,1
DA:18,1
DA:19,1
DA:22,2
DA:24,2
DA:27,1
DA:28,1
DA:31,1
DA:32,1
DA:39,2
DA:40,2
DA:42,2
DA:43,2
DA:44,1
DA:47,2
DA:48,2
DA:52,3
DA:53,1
DA:56,3
LF:24
LH:24
BRDA:52,0,0,1
BRDA:52,0,1,2
BRF:2
BRH:2
end_of_record
TN:
SF:app/queue_producer.js
FN:9,publishZipRequest
FNF:1
FNH:1
FNDA:2,publishZipRequest
DA:1,1
DA:5,1
DA:10,2
DA:11,2
DA:13,2
DA:16,1
LF:6
LH:6
BRF:0
BRH:0
end_of_record
TN:
SF:app/rate_limiter.js
FN:22,getClientIp
FN:29,consume
FNF:2
FNH:2
FNDA:3,getClientIp
FNDA:25,consume
DA:11,1
DA:12,1
DA:13,1
DA:19,1
DA:23,3
DA:30,25
DA:31,1
DA:34,25
DA:37,25
DA:38,6
DA:39,6
DA:43,19
DA:44,13
DA:45,13
DA:49,6
DA:50,6
DA:55,6
DA:56,2
DA:57,2
DA:58,2
DA:62,4
DA:65,1
LF:22
LH:22
BRDA:23,0,0,3
BRDA:23,0,1,2
BRDA:23,0,2,1
BRDA:30,1,0,1
BRDA:30,1,1,24
BRDA:37,2,0,6
BRDA:37,2,1,19
BRDA:43,3,0,13
BRDA:43,3,1,6
BRDA:55,4,0,2
BRDA:55,4,1,4
BRF:11
BRH:11
end_of_record
TN:
SF:app/route.js
FN:7,route
FN:8,(anonymous_1)
FN:35,(anonymous_2)
FN:46,(anonymous_3)
FN:51,(anonymous_4)
FN:57,(anonymous_5)
FN:80,(anonymous_6)
FN:83,(anonymous_7)
FNF:8
FNH:8
FNDA:1,route
FNDA:5,(anonymous_1)
FNDA:2,(anonymous_2)
FNDA:1,(anonymous_3)
FNDA:1,(anonymous_4)
FNDA:4,(anonymous_5)
FNDA:1,(anonymous_6)
FNDA:1,(anonymous_7)
DA:1,1
DA:2,1
DA:3,1
DA:4,1
DA:5,1
DA:8,1
DA:9,5
DA:10,5
DA:12,5
DA:22,5
DA:23,1
DA:27,4
DA:28,1
DA:29,1
DA:33,3
DA:36,2
DA:37,2
DA:41,2
DA:42,2
DA:43,1
DA:46,1
DA:47,1
DA:48,1
DA:52,1
DA:53,1
DA:57,1
DA:58,4
DA:60,4
DA:61,1
DA:66,3
DA:67,3
DA:68,1
DA:72,1
DA:78,2
DA:81,1
DA:84,1
DA:89,1
LF:37
LH:37
BRDA:13,0,0,5
BRDA:13,0,1,1
BRDA:14,1,0,5
BRDA:14,1,1,1
BRDA:22,2,0,1
BRDA:22,2,1,4
BRDA:22,3,0,5
BRDA:22,3,1,1
BRDA:27,4,0,1
BRDA:27,4,1,3
BRDA:42,5,0,1
BRDA:42,5,1,1
BRDA:60,6,0,1
BRDA:60,6,1,3
BRDA:67,7,0,1
BRDA:67,7,1,2
BRF:16
BRH:16
end_of_record
TN:
SF:app/server.js
FNF:0
FNH:0
DA:1,1
DA:3,1
DA:4,1
DA:5,1
DA:7,1
DA:10,1
DA:11,1
DA:12,1
DA:15,1
DA:16,1
DA:17,1
DA:20,1
DA:24,1
DA:27,1
DA:28,1
DA:29,1
DA:31,1
LF:17
LH:17
BRDA:27,0,0,1
BRDA:27,0,1,0
BRF:2
BRH:1
end_of_record
TN:
SF:app/zip_job.js
FN:19,downloadImage
FN:20,(anonymous_1)
FN:22,(anonymous_2)
FN:39,(anonymous_3)
FN:40,(anonymous_4)
FN:47,buildZip
FN:48,(anonymous_6)
FN:52,(anonymous_7)
FN:55,(anonymous_8)
FN:57,(anonymous_9)
FN:64,uploadZip
FN:74,(anonymous_11)
FN:75,(anonymous_12)
FN:76,(anonymous_13)
FN:82,processZipRequest
FN:87,(anonymous_15)
FN:91,(anonymous_16)
FN:92,(anonymous_17)
FN:100,(anonymous_18)
FN:103,(anonymous_19)
FN:105,(anonymous_20)
FN:110,(anonymous_21)
FN:111,(anonymous_22)
FN:113,(anonymous_23)
FN:121,getSignedUrl
FN:131,(anonymous_25)
FNF:26
FNH:26
FNDA:15,downloadImage
FNDA:15,(anonymous_1)
FNDA:14,(anonymous_2)
FNDA:12,(anonymous_3)
FNDA:12,(anonymous_4)
FNDA:4,buildZip
FNDA:4,(anonymous_6)
FNDA:2,(anonymous_7)
FNDA:2,(anonymous_8)
FNDA:11,(anonymous_9)
FNDA:3,uploadZip
FNDA:3,(anonymous_11)
FNDA:1,(anonymous_12)
FNDA:2,(anonymous_13)
FNDA:1,processZipRequest
FNDA:1,(anonymous_15)
FNDA:10,(anonymous_16)
FNDA:10,(anonymous_17)
FNDA:1,(anonymous_18)
FNDA:1,(anonymous_19)
FNDA:1,(anonymous_20)
FNDA:1,(anonymous_21)
FNDA:1,(anonymous_22)
FNDA:1,(anonymous_23)
FNDA:2,getSignedUrl
FNDA:2,(anonymous_25)
DA:1,1
DA:2,1
DA:3,1
DA:4,1
DA:6,1
DA:7,1
DA:10,1
DA:12,1
DA:16,1
DA:20,15
DA:21,15
DA:23,14
DA:26,14
DA:27,1
DA:28,1
DA:29,1
DA:32,13
DA:33,1
DA:34,1
DA:35,1
DA:38,12
DA:39,12
DA:40,12
DA:48,4
DA:49,4
DA:50,4
DA:52,4
DA:53,4
DA:54,4
DA:55,4
DA:57,11
DA:58,4
DA:65,3
DA:66,3
DA:74,3
DA:75,3
DA:76,3
DA:77,3
DA:83,1
DA:85,1
DA:88,1
DA:89,1
DA:90,1
DA:92,10
DA:101,1
DA:102,1
DA:103,1
DA:106,1
DA:109,1
DA:110,1
DA:111,1
DA:114,1
DA:115,1
DA:122,2
DA:127,2
DA:131,2
DA:134,1
LF:57
LH:57
BRDA:12,0,0,1
BRDA:12,0,1,1
BRDA:26,1,0,1
BRDA:26,1,1,13
BRDA:26,2,0,14
BRDA:26,2,1,14
BRDA:32,3,0,1
BRDA:32,3,1,12
BRF:8
BRH:8
end_of_record
